"D:/GlobalGamejam2022/GGJ2022/GGJ2022Game/Content/ButtonIcons/KeyboardMouse/Keyboard_Black_Arrow_Down.uasset" 0
"D:/GlobalGamejam2022/GGJ2022/GGJ2022Game/Content/ButtonIcons/KeyboardMouse/Keyboard_Black_Arrow_Down.uexp" 1
"D:/GlobalGamejam2022/GGJ2022/GGJ2022Game/Content/ButtonIcons/KeyboardMouse/Keyboard_Black_Arrow_Left.uasset" 2
"D:/GlobalGamejam2022/GGJ2022/GGJ2022Game/Content/ButtonIcons/KeyboardMouse/Keyboard_Black_Arrow_Left.uexp" 3
"D:/GlobalGamejam2022/GGJ2022/GGJ2022Game/Content/ButtonIcons/KeyboardMouse/Keyboard_Black_Arrow_Right.uasset" 4
"D:/GlobalGamejam2022/GGJ2022/GGJ2022Game/Content/ButtonIcons/KeyboardMouse/Keyboard_Black_Arrow_Right.uexp" 5
"D:/GlobalGamejam2022/GGJ2022/GGJ2022Game/Content/ButtonIcons/KeyboardMouse/Keyboard_Black_Arrow_Up.uasset" 6
"D:/GlobalGamejam2022/GGJ2022/GGJ2022Game/Content/ButtonIcons/KeyboardMouse/Keyboard_Black_Arrow_Up.uexp" 7
"D:/GlobalGamejam2022/GGJ2022/GGJ2022Game/Content/ButtonIcons/KeyboardMouse/Keyboard_Black_Mouse_Left.uasset" 8
"D:/GlobalGamejam2022/GGJ2022/GGJ2022Game/Content/ButtonIcons/KeyboardMouse/Keyboard_Black_Mouse_Left.uexp" 9
"D:/GlobalGamejam2022/GGJ2022/GGJ2022Game/Content/ButtonIcons/KeyboardMouse/Keyboard_Black_Mouse_Middle.uasset" 10
"D:/GlobalGamejam2022/GGJ2022/GGJ2022Game/Content/ButtonIcons/KeyboardMouse/Keyboard_Black_Mouse_Middle.uexp" 11
"D:/GlobalGamejam2022/GGJ2022/GGJ2022Game/Content/ButtonIcons/KeyboardMouse/Keyboard_Black_Mouse_Right.uasset" 12
"D:/GlobalGamejam2022/GGJ2022/GGJ2022Game/Content/ButtonIcons/KeyboardMouse/Keyboard_Black_Mouse_Right.uexp" 13
"D:/GlobalGamejam2022/GGJ2022/GGJ2022Game/Content/ButtonIcons/PlayStation/PS4_Circle.uasset" 14
"D:/GlobalGamejam2022/GGJ2022/GGJ2022Game/Content/ButtonIcons/PlayStation/PS4_Circle.uexp" 15
"D:/GlobalGamejam2022/GGJ2022/GGJ2022Game/Content/ButtonIcons/PlayStation/PS4_Cross.uasset" 16
"D:/GlobalGamejam2022/GGJ2022/GGJ2022Game/Content/ButtonIcons/PlayStation/PS4_Cross.uexp" 17
"D:/GlobalGamejam2022/GGJ2022/GGJ2022Game/Content/ButtonIcons/PlayStation/PS4_Dpad.uasset" 18
"D:/GlobalGamejam2022/GGJ2022/GGJ2022Game/Content/ButtonIcons/PlayStation/PS4_Dpad.uexp" 19
"D:/GlobalGamejam2022/GGJ2022/GGJ2022Game/Content/ButtonIcons/PlayStation/PS4_Dpad_Down.uasset" 20
"D:/GlobalGamejam2022/GGJ2022/GGJ2022Game/Content/ButtonIcons/PlayStation/PS4_Dpad_Down.uexp" 21
"D:/GlobalGamejam2022/GGJ2022/GGJ2022Game/Content/ButtonIcons/PlayStation/PS4_Dpad_Left.uasset" 22
"D:/GlobalGamejam2022/GGJ2022/GGJ2022Game/Content/ButtonIcons/PlayStation/PS4_Dpad_Left.uexp" 23
"D:/GlobalGamejam2022/GGJ2022/GGJ2022Game/Content/ButtonIcons/PlayStation/PS4_Dpad_Right.uasset" 24
"D:/GlobalGamejam2022/GGJ2022/GGJ2022Game/Content/ButtonIcons/PlayStation/PS4_Dpad_Right.uexp" 25
"D:/GlobalGamejam2022/GGJ2022/GGJ2022Game/Content/ButtonIcons/PlayStation/PS4_Dpad_Up.uasset" 26
"D:/GlobalGamejam2022/GGJ2022/GGJ2022Game/Content/ButtonIcons/PlayStation/PS4_Dpad_Up.uexp" 27
"D:/GlobalGamejam2022/GGJ2022/GGJ2022Game/Content/ButtonIcons/PlayStation/PS4_L1.uasset" 28
"D:/GlobalGamejam2022/GGJ2022/GGJ2022Game/Content/ButtonIcons/PlayStation/PS4_L1.uexp" 29
"D:/GlobalGamejam2022/GGJ2022/GGJ2022Game/Content/ButtonIcons/PlayStation/PS4_L2.uasset" 30
"D:/GlobalGamejam2022/GGJ2022/GGJ2022Game/Content/ButtonIcons/PlayStation/PS4_L2.uexp" 31
"D:/GlobalGamejam2022/GGJ2022/GGJ2022Game/Content/ButtonIcons/PlayStation/PS4_Left_Stick.uasset" 32
"D:/GlobalGamejam2022/GGJ2022/GGJ2022Game/Content/ButtonIcons/PlayStation/PS4_Left_Stick.uexp" 33
"D:/GlobalGamejam2022/GGJ2022/GGJ2022Game/Content/ButtonIcons/PlayStation/PS4_Left_Stick_Down.uasset" 34
"D:/GlobalGamejam2022/GGJ2022/GGJ2022Game/Content/ButtonIcons/PlayStation/PS4_Left_Stick_Down.uexp" 35
"D:/GlobalGamejam2022/GGJ2022/GGJ2022Game/Content/ButtonIcons/PlayStation/PS4_Left_Stick_Left.uasset" 36
"D:/GlobalGamejam2022/GGJ2022/GGJ2022Game/Content/ButtonIcons/PlayStation/PS4_Left_Stick_Left.uexp" 37
"D:/GlobalGamejam2022/GGJ2022/GGJ2022Game/Content/ButtonIcons/PlayStation/PS4_Left_Stick_Right.uasset" 38
"D:/GlobalGamejam2022/GGJ2022/GGJ2022Game/Content/ButtonIcons/PlayStation/PS4_Left_Stick_Right.uexp" 39
"D:/GlobalGamejam2022/GGJ2022/GGJ2022Game/Content/ButtonIcons/PlayStation/PS4_Left_Stick_Up.uasset" 40
"D:/GlobalGamejam2022/GGJ2022/GGJ2022Game/Content/ButtonIcons/PlayStation/PS4_Left_Stick_Up.uexp" 41
"D:/GlobalGamejam2022/GGJ2022/GGJ2022Game/Content/ButtonIcons/PlayStation/PS4_Options.uasset" 42
"D:/GlobalGamejam2022/GGJ2022/GGJ2022Game/Content/ButtonIcons/PlayStation/PS4_Options.uexp" 43
"D:/GlobalGamejam2022/GGJ2022/GGJ2022Game/Content/ButtonIcons/PlayStation/PS4_R1.uasset" 44
"D:/GlobalGamejam2022/GGJ2022/GGJ2022Game/Content/ButtonIcons/PlayStation/PS4_R1.uexp" 45
"D:/GlobalGamejam2022/GGJ2022/GGJ2022Game/Content/ButtonIcons/PlayStation/PS4_R2.uasset" 46
"D:/GlobalGamejam2022/GGJ2022/GGJ2022Game/Content/ButtonIcons/PlayStation/PS4_R2.uexp" 47
"D:/GlobalGamejam2022/GGJ2022/GGJ2022Game/Content/ButtonIcons/PlayStation/PS4_Right_Stick.uasset" 48
"D:/GlobalGamejam2022/GGJ2022/GGJ2022Game/Content/ButtonIcons/PlayStation/PS4_Right_Stick.uexp" 49
"D:/GlobalGamejam2022/GGJ2022/GGJ2022Game/Content/ButtonIcons/PlayStation/PS4_Right_Stick_Down.uasset" 50
"D:/GlobalGamejam2022/GGJ2022/GGJ2022Game/Content/ButtonIcons/PlayStation/PS4_Right_Stick_Down.uexp" 51
"D:/GlobalGamejam2022/GGJ2022/GGJ2022Game/Content/ButtonIcons/PlayStation/PS4_Right_Stick_Left.uasset" 52
"D:/GlobalGamejam2022/GGJ2022/GGJ2022Game/Content/ButtonIcons/PlayStation/PS4_Right_Stick_Left.uexp" 53
"D:/GlobalGamejam2022/GGJ2022/GGJ2022Game/Content/ButtonIcons/PlayStation/PS4_Right_Stick_Right.uasset" 54
"D:/GlobalGamejam2022/GGJ2022/GGJ2022Game/Content/ButtonIcons/PlayStation/PS4_Right_Stick_Right.uexp" 55
"D:/GlobalGamejam2022/GGJ2022/GGJ2022Game/Content/ButtonIcons/PlayStation/PS4_Right_Stick_Up.uasset" 56
"D:/GlobalGamejam2022/GGJ2022/GGJ2022Game/Content/ButtonIcons/PlayStation/PS4_Right_Stick_Up.uexp" 57
"D:/GlobalGamejam2022/GGJ2022/GGJ2022Game/Content/ButtonIcons/PlayStation/PS4_Share.uasset" 58
"D:/GlobalGamejam2022/GGJ2022/GGJ2022Game/Content/ButtonIcons/PlayStation/PS4_Share.uexp" 59
"D:/GlobalGamejam2022/GGJ2022/GGJ2022Game/Content/ButtonIcons/PlayStation/PS4_Square.uasset" 60
"D:/GlobalGamejam2022/GGJ2022/GGJ2022Game/Content/ButtonIcons/PlayStation/PS4_Square.uexp" 61
"D:/GlobalGamejam2022/GGJ2022/GGJ2022Game/Content/ButtonIcons/PlayStation/PS4_Triangle.uasset" 62
"D:/GlobalGamejam2022/GGJ2022/GGJ2022Game/Content/ButtonIcons/PlayStation/PS4_Triangle.uexp" 63
"D:/GlobalGamejam2022/GGJ2022/GGJ2022Game/Content/ButtonIcons/Xbox/XboxOne_A.uasset" 64
"D:/GlobalGamejam2022/GGJ2022/GGJ2022Game/Content/ButtonIcons/Xbox/XboxOne_A.uexp" 65
"D:/GlobalGamejam2022/GGJ2022/GGJ2022Game/Content/ButtonIcons/Xbox/XboxOne_B.uasset" 66
"D:/GlobalGamejam2022/GGJ2022/GGJ2022Game/Content/ButtonIcons/Xbox/XboxOne_B.uexp" 67
"D:/GlobalGamejam2022/GGJ2022/GGJ2022Game/Content/ButtonIcons/Xbox/XboxOne_Dpad.uasset" 68
"D:/GlobalGamejam2022/GGJ2022/GGJ2022Game/Content/ButtonIcons/Xbox/XboxOne_Dpad.uexp" 69
"D:/GlobalGamejam2022/GGJ2022/GGJ2022Game/Content/ButtonIcons/Xbox/XboxOne_Dpad_Down.uasset" 70
"D:/GlobalGamejam2022/GGJ2022/GGJ2022Game/Content/ButtonIcons/Xbox/XboxOne_Dpad_Down.uexp" 71
"D:/GlobalGamejam2022/GGJ2022/GGJ2022Game/Content/ButtonIcons/Xbox/XboxOne_Dpad_Left.uasset" 72
"D:/GlobalGamejam2022/GGJ2022/GGJ2022Game/Content/ButtonIcons/Xbox/XboxOne_Dpad_Left.uexp" 73
"D:/GlobalGamejam2022/GGJ2022/GGJ2022Game/Content/ButtonIcons/Xbox/XboxOne_Dpad_Right.uasset" 74
"D:/GlobalGamejam2022/GGJ2022/GGJ2022Game/Content/ButtonIcons/Xbox/XboxOne_Dpad_Right.uexp" 75
"D:/GlobalGamejam2022/GGJ2022/GGJ2022Game/Content/ButtonIcons/Xbox/XboxOne_Dpad_Up.uasset" 76
"D:/GlobalGamejam2022/GGJ2022/GGJ2022Game/Content/ButtonIcons/Xbox/XboxOne_Dpad_Up.uexp" 77
"D:/GlobalGamejam2022/GGJ2022/GGJ2022Game/Content/ButtonIcons/Xbox/XboxOne_LB.uasset" 78
"D:/GlobalGamejam2022/GGJ2022/GGJ2022Game/Content/ButtonIcons/Xbox/XboxOne_LB.uexp" 79
"D:/GlobalGamejam2022/GGJ2022/GGJ2022Game/Content/ButtonIcons/Xbox/XboxOne_Left_Stick.uasset" 80
"D:/GlobalGamejam2022/GGJ2022/GGJ2022Game/Content/ButtonIcons/Xbox/XboxOne_Left_Stick.uexp" 81
"D:/GlobalGamejam2022/GGJ2022/GGJ2022Game/Content/ButtonIcons/Xbox/XboxOne_Left_Stick_Down.uasset" 82
"D:/GlobalGamejam2022/GGJ2022/GGJ2022Game/Content/ButtonIcons/Xbox/XboxOne_Left_Stick_Down.uexp" 83
"D:/GlobalGamejam2022/GGJ2022/GGJ2022Game/Content/ButtonIcons/Xbox/XboxOne_Left_Stick_Left.uasset" 84
"D:/GlobalGamejam2022/GGJ2022/GGJ2022Game/Content/ButtonIcons/Xbox/XboxOne_Left_Stick_Left.uexp" 85
"D:/GlobalGamejam2022/GGJ2022/GGJ2022Game/Content/ButtonIcons/Xbox/XboxOne_Left_Stick_Right.uasset" 86
"D:/GlobalGamejam2022/GGJ2022/GGJ2022Game/Content/ButtonIcons/Xbox/XboxOne_Left_Stick_Right.uexp" 87
"D:/GlobalGamejam2022/GGJ2022/GGJ2022Game/Content/ButtonIcons/Xbox/XboxOne_Left_Stick_Up.uasset" 88
"D:/GlobalGamejam2022/GGJ2022/GGJ2022Game/Content/ButtonIcons/Xbox/XboxOne_Left_Stick_Up.uexp" 89
"D:/GlobalGamejam2022/GGJ2022/GGJ2022Game/Content/ButtonIcons/Xbox/XboxOne_LT.uasset" 90
"D:/GlobalGamejam2022/GGJ2022/GGJ2022Game/Content/ButtonIcons/Xbox/XboxOne_LT.uexp" 91
"D:/GlobalGamejam2022/GGJ2022/GGJ2022Game/Content/ButtonIcons/Xbox/XboxOne_Menu.uasset" 92
"D:/GlobalGamejam2022/GGJ2022/GGJ2022Game/Content/ButtonIcons/Xbox/XboxOne_Menu.uexp" 93
"D:/GlobalGamejam2022/GGJ2022/GGJ2022Game/Content/ButtonIcons/Xbox/XboxOne_RB.uasset" 94
"D:/GlobalGamejam2022/GGJ2022/GGJ2022Game/Content/ButtonIcons/Xbox/XboxOne_RB.uexp" 95
"D:/GlobalGamejam2022/GGJ2022/GGJ2022Game/Content/ButtonIcons/Xbox/XboxOne_Right_Stick.uasset" 96
"D:/GlobalGamejam2022/GGJ2022/GGJ2022Game/Content/ButtonIcons/Xbox/XboxOne_Right_Stick.uexp" 97
"D:/GlobalGamejam2022/GGJ2022/GGJ2022Game/Content/ButtonIcons/Xbox/XboxOne_Right_Stick_Down.uasset" 98
"D:/GlobalGamejam2022/GGJ2022/GGJ2022Game/Content/ButtonIcons/Xbox/XboxOne_Right_Stick_Down.uexp" 99
"D:/GlobalGamejam2022/GGJ2022/GGJ2022Game/Content/ButtonIcons/Xbox/XboxOne_Right_Stick_Left.uasset" 100
"D:/GlobalGamejam2022/GGJ2022/GGJ2022Game/Content/ButtonIcons/Xbox/XboxOne_Right_Stick_Left.uexp" 101
"D:/GlobalGamejam2022/GGJ2022/GGJ2022Game/Content/ButtonIcons/Xbox/XboxOne_Right_Stick_Right.uasset" 102
"D:/GlobalGamejam2022/GGJ2022/GGJ2022Game/Content/ButtonIcons/Xbox/XboxOne_Right_Stick_Right.uexp" 103
"D:/GlobalGamejam2022/GGJ2022/GGJ2022Game/Content/ButtonIcons/Xbox/XboxOne_Right_Stick_Up.uasset" 104
"D:/GlobalGamejam2022/GGJ2022/GGJ2022Game/Content/ButtonIcons/Xbox/XboxOne_Right_Stick_Up.uexp" 105
"D:/GlobalGamejam2022/GGJ2022/GGJ2022Game/Content/ButtonIcons/Xbox/XboxOne_RT.uasset" 106
"D:/GlobalGamejam2022/GGJ2022/GGJ2022Game/Content/ButtonIcons/Xbox/XboxOne_RT.uexp" 107
"D:/GlobalGamejam2022/GGJ2022/GGJ2022Game/Content/ButtonIcons/Xbox/XboxOne_Windows.uasset" 108
"D:/GlobalGamejam2022/GGJ2022/GGJ2022Game/Content/ButtonIcons/Xbox/XboxOne_Windows.uexp" 109
"D:/GlobalGamejam2022/GGJ2022/GGJ2022Game/Content/ButtonIcons/Xbox/XboxOne_X.uasset" 110
"D:/GlobalGamejam2022/GGJ2022/GGJ2022Game/Content/ButtonIcons/Xbox/XboxOne_X.uexp" 111
"D:/GlobalGamejam2022/GGJ2022/GGJ2022Game/Content/ButtonIcons/Xbox/XboxOne_Y.uasset" 112
"D:/GlobalGamejam2022/GGJ2022/GGJ2022Game/Content/ButtonIcons/Xbox/XboxOne_Y.uexp" 113
"D:/GlobalGamejam2022/GGJ2022/GGJ2022Game/Content/Sounds/Music_SC.uasset" 114
"D:/GlobalGamejam2022/GGJ2022/GGJ2022Game/Content/Sounds/Music_SC.uexp" 115
"D:/GlobalGamejam2022/GGJ2022/GGJ2022Game/Content/Sounds/Master_SC.uasset" 116
"D:/GlobalGamejam2022/GGJ2022/GGJ2022Game/Content/Sounds/Master_SC.uexp" 117
"D:/GlobalGamejam2022/GGJ2022/GGJ2022Game/Content/Sounds/SoundFX_SC.uasset" 118
"D:/GlobalGamejam2022/GGJ2022/GGJ2022Game/Content/Sounds/SoundFX_SC.uexp" 119
"D:/GlobalGamejam2022/GGJ2022/GGJ2022Game/Content/Sounds/Default_Attn.uasset" 120
"D:/GlobalGamejam2022/GGJ2022/GGJ2022Game/Content/Sounds/Default_Attn.uexp" 121
"D:/GlobalGamejam2022/GGJ2022/GGJ2022Game/Content/FirstPerson/Audio/FirstPersonTemplateWeaponFire02.uasset" 122
"D:/GlobalGamejam2022/GGJ2022/GGJ2022Game/Content/FirstPerson/Audio/FirstPersonTemplateWeaponFire02.uexp" 123
"D:/GlobalGamejam2022/GGJ2022/GGJ2022Game/Content/FirstPerson/Audio/FirstPersonTemplateWeaponFire02_Cue.uasset" 124
"D:/GlobalGamejam2022/GGJ2022/GGJ2022Game/Content/FirstPerson/Audio/FirstPersonTemplateWeaponFire02_Cue.uexp" 125
"D:/GlobalGamejam2022/GGJ2022/GGJ2022Game/Content/FirstPerson/Textures/FirstPersonCrosshair.uasset" 126
"D:/GlobalGamejam2022/GGJ2022/GGJ2022Game/Content/FirstPerson/Textures/FirstPersonCrosshair.uexp" 127
"D:/GlobalGamejam2022/GGJ2022/GGJ2022Game/Content/FirstPerson/Character/Mesh/SK_Mannequin_Arms_Skeleton.uasset" 128
"D:/GlobalGamejam2022/GGJ2022/GGJ2022Game/Content/FirstPerson/Character/Mesh/SK_Mannequin_Arms_Skeleton.uexp" 129
"D:/GlobalGamejam2022/GGJ2022/GGJ2022Game/Content/FirstPerson/Animations/FirstPerson_Fire.uasset" 130
"D:/GlobalGamejam2022/GGJ2022/GGJ2022Game/Content/FirstPerson/Animations/FirstPerson_Fire.uexp" 131
"D:/GlobalGamejam2022/GGJ2022/GGJ2022Game/Content/FirstPerson/Animations/FirstPersonFire_Montage.uasset" 132
"D:/GlobalGamejam2022/GGJ2022/GGJ2022Game/Content/FirstPerson/Animations/FirstPersonFire_Montage.uexp" 133
"../../../Engine/Content/EditorBlueprintResources/StandardMacros.uasset" 134
"../../../Engine/Content/EditorBlueprintResources/StandardMacros.uexp" 135
"D:/GlobalGamejam2022/GGJ2022/GGJ2022Game/Content/FirstPerson/Animations/FirstPerson_Idle.uasset" 136
"D:/GlobalGamejam2022/GGJ2022/GGJ2022Game/Content/FirstPerson/Animations/FirstPerson_Idle.uexp" 137
"D:/GlobalGamejam2022/GGJ2022/GGJ2022Game/Content/FirstPerson/Animations/FirstPerson_JumpLoop.uasset" 138
"D:/GlobalGamejam2022/GGJ2022/GGJ2022Game/Content/FirstPerson/Animations/FirstPerson_JumpLoop.uexp" 139
"D:/GlobalGamejam2022/GGJ2022/GGJ2022Game/Content/FirstPerson/Animations/FirstPerson_JumpStart.uasset" 140
"D:/GlobalGamejam2022/GGJ2022/GGJ2022Game/Content/FirstPerson/Animations/FirstPerson_JumpStart.uexp" 141
"D:/GlobalGamejam2022/GGJ2022/GGJ2022Game/Content/FirstPerson/Animations/FirstPerson_JumpEnd.uasset" 142
"D:/GlobalGamejam2022/GGJ2022/GGJ2022Game/Content/FirstPerson/Animations/FirstPerson_JumpEnd.uexp" 143
"D:/GlobalGamejam2022/GGJ2022/GGJ2022Game/Content/FirstPerson/Animations/FirstPerson_Run.uasset" 144
"D:/GlobalGamejam2022/GGJ2022/GGJ2022Game/Content/FirstPerson/Animations/FirstPerson_Run.uexp" 145
"D:/GlobalGamejam2022/GGJ2022/GGJ2022Game/Content/FirstPerson/Animations/FirstPerson_AnimBP.uasset" 146
"D:/GlobalGamejam2022/GGJ2022/GGJ2022Game/Content/FirstPerson/Animations/FirstPerson_AnimBP.uexp" 147
"D:/GlobalGamejam2022/GGJ2022/GGJ2022Game/Content/Sounds/Gun_1.uasset" 148
"D:/GlobalGamejam2022/GGJ2022/GGJ2022Game/Content/Sounds/Gun_1.uexp" 149
"D:/GlobalGamejam2022/GGJ2022/GGJ2022Game/Content/Sounds/Gun_1_Cue.uasset" 150
"D:/GlobalGamejam2022/GGJ2022/GGJ2022Game/Content/Sounds/Gun_1_Cue.uexp" 151
"D:/GlobalGamejam2022/GGJ2022/GGJ2022Game/Content/FPWeapon/Mesh/SK_FPGun_Skeleton.uasset" 152
"D:/GlobalGamejam2022/GGJ2022/GGJ2022Game/Content/FPWeapon/Mesh/SK_FPGun_Skeleton.uexp" 153
"D:/GlobalGamejam2022/GGJ2022/GGJ2022Game/Content/FPWeapon/Mesh/SK_FPGun_PhysicsAsset.uasset" 154
"D:/GlobalGamejam2022/GGJ2022/GGJ2022Game/Content/FPWeapon/Mesh/SK_FPGun_PhysicsAsset.uexp" 155
"D:/GlobalGamejam2022/GGJ2022/GGJ2022Game/Content/FPWeapon/Textures/T_FPGun_N.uasset" 156
"D:/GlobalGamejam2022/GGJ2022/GGJ2022Game/Content/FPWeapon/Textures/T_FPGun_N.uexp" 157
"D:/GlobalGamejam2022/GGJ2022/GGJ2022Game/Content/FPWeapon/Textures/T_FPGun_N.ubulk" 158
"D:/GlobalGamejam2022/GGJ2022/GGJ2022Game/Content/FPWeapon/Textures/T_FPGun_M.uasset" 159
"D:/GlobalGamejam2022/GGJ2022/GGJ2022Game/Content/FPWeapon/Textures/T_FPGun_M.uexp" 160
"D:/GlobalGamejam2022/GGJ2022/GGJ2022Game/Content/FPWeapon/Textures/T_FPGun_M.ubulk" 161
"D:/GlobalGamejam2022/GGJ2022/GGJ2022Game/Content/FPWeapon/Materials/MaterialLayers/T_ML_Rubber_Blue_01_N.uasset" 162
"D:/GlobalGamejam2022/GGJ2022/GGJ2022Game/Content/FPWeapon/Materials/MaterialLayers/T_ML_Rubber_Blue_01_N.uexp" 163
"D:/GlobalGamejam2022/GGJ2022/GGJ2022Game/Content/FPWeapon/Materials/MaterialLayers/T_ML_Rubber_Blue_01_N.ubulk" 164
"D:/GlobalGamejam2022/GGJ2022/GGJ2022Game/Content/FPWeapon/Materials/MaterialLayers/T_ML_Rubber_Blue_01_D.uasset" 165
"D:/GlobalGamejam2022/GGJ2022/GGJ2022Game/Content/FPWeapon/Materials/MaterialLayers/T_ML_Rubber_Blue_01_D.uexp" 166
"D:/GlobalGamejam2022/GGJ2022/GGJ2022Game/Content/FPWeapon/Materials/MaterialLayers/T_ML_Rubber_Blue_01_D.ubulk" 167
"D:/GlobalGamejam2022/GGJ2022/GGJ2022Game/Content/FPWeapon/Materials/MaterialLayers/T_ML_Aluminum01_N.uasset" 168
"D:/GlobalGamejam2022/GGJ2022/GGJ2022Game/Content/FPWeapon/Materials/MaterialLayers/T_ML_Aluminum01_N.uexp" 169
"D:/GlobalGamejam2022/GGJ2022/GGJ2022Game/Content/FPWeapon/Materials/MaterialLayers/T_ML_Aluminum01_N.ubulk" 170
"D:/GlobalGamejam2022/GGJ2022/GGJ2022Game/Content/FPWeapon/Materials/MaterialLayers/T_ML_Aluminum01.uasset" 171
"D:/GlobalGamejam2022/GGJ2022/GGJ2022Game/Content/FPWeapon/Materials/MaterialLayers/T_ML_Aluminum01.uexp" 172
"D:/GlobalGamejam2022/GGJ2022/GGJ2022Game/Content/FPWeapon/Materials/MaterialLayers/T_ML_Aluminum01.ubulk" 173
"D:/GlobalGamejam2022/GGJ2022/GGJ2022Game/Content/FPWeapon/Materials/MaterialLayers/ML_SoftMetal_UE4.uasset" 174
"D:/GlobalGamejam2022/GGJ2022/GGJ2022Game/Content/FPWeapon/Materials/MaterialLayers/ML_SoftMetal_UE4.uexp" 175
"D:/GlobalGamejam2022/GGJ2022/GGJ2022Game/Content/FPWeapon/Materials/MaterialLayers/ML_Screen.uasset" 176
"D:/GlobalGamejam2022/GGJ2022/GGJ2022Game/Content/FPWeapon/Materials/MaterialLayers/ML_Screen.uexp" 177
"D:/GlobalGamejam2022/GGJ2022/GGJ2022Game/Content/FPWeapon/Materials/MaterialLayers/ML_Plastic_Shiny_Beige.uasset" 178
"D:/GlobalGamejam2022/GGJ2022/GGJ2022Game/Content/FPWeapon/Materials/MaterialLayers/ML_Plastic_Shiny_Beige.uexp" 179
"D:/GlobalGamejam2022/GGJ2022/GGJ2022Game/Content/FPWeapon/Materials/MaterialLayers/ML_GlossyBlack_Latex_UE4.uasset" 180
"D:/GlobalGamejam2022/GGJ2022/GGJ2022Game/Content/FPWeapon/Materials/MaterialLayers/ML_GlossyBlack_Latex_UE4.uexp" 181
"../../../Engine/Content/Functions/MaterialLayerFunctions/MatLayerBlend_Simple.uasset" 182
"../../../Engine/Content/Functions/MaterialLayerFunctions/MatLayerBlend_Simple.uexp" 183
"../../../Engine/Content/Functions/Engine_MaterialFunctions02/Utility/BlendAngleCorrectedNormals.uasset" 184
"../../../Engine/Content/Functions/Engine_MaterialFunctions02/Utility/BlendAngleCorrectedNormals.uexp" 185
"../../../Engine/Content/Functions/MaterialLayerFunctions/MatLayerBlend_NormalBlend.uasset" 186
"../../../Engine/Content/Functions/MaterialLayerFunctions/MatLayerBlend_NormalBlend.uexp" 187
"D:/GlobalGamejam2022/GGJ2022/GGJ2022Game/Content/FPWeapon/Materials/M_FPGun.uasset" 188
"D:/GlobalGamejam2022/GGJ2022/GGJ2022Game/Content/FPWeapon/Materials/M_FPGun.uexp" 189
"D:/GlobalGamejam2022/GGJ2022/GGJ2022Game/Content/FPWeapon/Mesh/SK_FPGun.uasset" 190
"D:/GlobalGamejam2022/GGJ2022/GGJ2022Game/Content/FPWeapon/Mesh/SK_FPGun.uexp" 191
"D:/GlobalGamejam2022/GGJ2022/GGJ2022Game/Content/FirstPerson/Meshes/BaseMaterial.uasset" 192
"D:/GlobalGamejam2022/GGJ2022/GGJ2022Game/Content/FirstPerson/Meshes/BaseMaterial.uexp" 193
"D:/GlobalGamejam2022/GGJ2022/GGJ2022Game/Content/FirstPerson/Meshes/FirstPersonProjectileMaterial.uasset" 194
"D:/GlobalGamejam2022/GGJ2022/GGJ2022Game/Content/FirstPerson/Meshes/FirstPersonProjectileMaterial.uexp" 195
"D:/GlobalGamejam2022/GGJ2022/GGJ2022Game/Content/FirstPerson/Meshes/FirstPersonProjectileMesh.uasset" 196
"D:/GlobalGamejam2022/GGJ2022/GGJ2022Game/Content/FirstPerson/Meshes/FirstPersonProjectileMesh.uexp" 197
"D:/GlobalGamejam2022/GGJ2022/GGJ2022Game/Content/FirstPersonCPP/Blueprints/FirstPersonProjectile.uasset" 198
"D:/GlobalGamejam2022/GGJ2022/GGJ2022Game/Content/FirstPersonCPP/Blueprints/FirstPersonProjectile.uexp" 199
"D:/GlobalGamejam2022/GGJ2022/GGJ2022Game/Content/FirstPerson/Character/Mesh/SK_Mannequin_Arms_PhysicsAsset.uasset" 200
"D:/GlobalGamejam2022/GGJ2022/GGJ2022Game/Content/FirstPerson/Character/Mesh/SK_Mannequin_Arms_PhysicsAsset.uexp" 201
"D:/GlobalGamejam2022/GGJ2022/GGJ2022Game/Content/FirstPerson/Character/Textures/UE4_Mannequin_MAT_MASKA.uasset" 202
"D:/GlobalGamejam2022/GGJ2022/GGJ2022Game/Content/FirstPerson/Character/Textures/UE4_Mannequin_MAT_MASKA.uexp" 203
"D:/GlobalGamejam2022/GGJ2022/GGJ2022Game/Content/FirstPerson/Character/Textures/UE4_Mannequin_MAT_MASKA.ubulk" 204
"D:/GlobalGamejam2022/GGJ2022/GGJ2022Game/Content/FirstPerson/Character/Textures/UE4_Mannequin__normals.uasset" 205
"D:/GlobalGamejam2022/GGJ2022/GGJ2022Game/Content/FirstPerson/Character/Textures/UE4_Mannequin__normals.uexp" 206
"D:/GlobalGamejam2022/GGJ2022/GGJ2022Game/Content/FirstPerson/Character/Textures/UE4_Mannequin__normals.ubulk" 207
"D:/GlobalGamejam2022/GGJ2022/GGJ2022Game/Content/FirstPerson/Character/Materials/MaterialLayers/T_ML_Aluminum01_N.uasset" 208
"D:/GlobalGamejam2022/GGJ2022/GGJ2022Game/Content/FirstPerson/Character/Materials/MaterialLayers/T_ML_Aluminum01_N.uexp" 209
"D:/GlobalGamejam2022/GGJ2022/GGJ2022Game/Content/FirstPerson/Character/Materials/MaterialLayers/T_ML_Aluminum01_N.ubulk" 210
"D:/GlobalGamejam2022/GGJ2022/GGJ2022Game/Content/FirstPerson/Character/Materials/MaterialLayers/T_ML_Aluminum01.uasset" 211
"D:/GlobalGamejam2022/GGJ2022/GGJ2022Game/Content/FirstPerson/Character/Materials/MaterialLayers/T_ML_Aluminum01.uexp" 212
"D:/GlobalGamejam2022/GGJ2022/GGJ2022Game/Content/FirstPerson/Character/Materials/MaterialLayers/T_ML_Aluminum01.ubulk" 213
"D:/GlobalGamejam2022/GGJ2022/GGJ2022Game/Content/FirstPerson/Character/Materials/MaterialLayers/ML_SoftMetal_UE4.uasset" 214
"D:/GlobalGamejam2022/GGJ2022/GGJ2022Game/Content/FirstPerson/Character/Materials/MaterialLayers/ML_SoftMetal_UE4.uexp" 215
"D:/GlobalGamejam2022/GGJ2022/GGJ2022Game/Content/FirstPerson/Character/Textures/UE4_LOGO_CARD.uasset" 216
"D:/GlobalGamejam2022/GGJ2022/GGJ2022Game/Content/FirstPerson/Character/Textures/UE4_LOGO_CARD.uexp" 217
"D:/GlobalGamejam2022/GGJ2022/GGJ2022Game/Content/FirstPerson/Character/Textures/UE4_LOGO_CARD.ubulk" 218
"D:/GlobalGamejam2022/GGJ2022/GGJ2022Game/Content/FirstPerson/Character/Materials/MaterialLayers/ML_Plastic_Shiny_Beige_LOGO.uasset" 219
"D:/GlobalGamejam2022/GGJ2022/GGJ2022Game/Content/FirstPerson/Character/Materials/MaterialLayers/ML_Plastic_Shiny_Beige_LOGO.uexp" 220
"D:/GlobalGamejam2022/GGJ2022/GGJ2022Game/Content/FirstPerson/Character/Materials/MaterialLayers/ML_Plastic_Shiny_Beige.uasset" 221
"D:/GlobalGamejam2022/GGJ2022/GGJ2022Game/Content/FirstPerson/Character/Materials/MaterialLayers/ML_Plastic_Shiny_Beige.uexp" 222
"D:/GlobalGamejam2022/GGJ2022/GGJ2022Game/Content/FirstPerson/Character/Materials/MaterialLayers/T_ML_Rubber_Blue_01_N.uasset" 223
"D:/GlobalGamejam2022/GGJ2022/GGJ2022Game/Content/FirstPerson/Character/Materials/MaterialLayers/T_ML_Rubber_Blue_01_N.uexp" 224
"D:/GlobalGamejam2022/GGJ2022/GGJ2022Game/Content/FirstPerson/Character/Materials/MaterialLayers/T_ML_Rubber_Blue_01_N.ubulk" 225
"D:/GlobalGamejam2022/GGJ2022/GGJ2022Game/Content/FirstPerson/Character/Materials/MaterialLayers/T_ML_Rubber_Blue_01_D.uasset" 226
"D:/GlobalGamejam2022/GGJ2022/GGJ2022Game/Content/FirstPerson/Character/Materials/MaterialLayers/T_ML_Rubber_Blue_01_D.uexp" 227
"D:/GlobalGamejam2022/GGJ2022/GGJ2022Game/Content/FirstPerson/Character/Materials/MaterialLayers/T_ML_Rubber_Blue_01_D.ubulk" 228
"D:/GlobalGamejam2022/GGJ2022/GGJ2022Game/Content/FirstPerson/Character/Materials/MaterialLayers/ML_GlossyBlack_Latex_UE4.uasset" 229
"D:/GlobalGamejam2022/GGJ2022/GGJ2022Game/Content/FirstPerson/Character/Materials/MaterialLayers/ML_GlossyBlack_Latex_UE4.uexp" 230
"D:/GlobalGamejam2022/GGJ2022/GGJ2022Game/Content/FirstPerson/Character/Materials/M_UE4Man_Body.uasset" 231
"D:/GlobalGamejam2022/GGJ2022/GGJ2022Game/Content/FirstPerson/Character/Materials/M_UE4Man_Body.uexp" 232
"D:/GlobalGamejam2022/GGJ2022/GGJ2022Game/Content/FirstPerson/Character/Mesh/SK_Mannequin_Arms.uasset" 233
"D:/GlobalGamejam2022/GGJ2022/GGJ2022Game/Content/FirstPerson/Character/Mesh/SK_Mannequin_Arms.uexp" 234
"D:/GlobalGamejam2022/GGJ2022/GGJ2022Game/Content/FirstPersonCPP/Blueprints/FirstPersonCharacter.uasset" 235
"D:/GlobalGamejam2022/GGJ2022/GGJ2022Game/Content/FirstPersonCPP/Blueprints/FirstPersonCharacter.uexp" 236
"D:/GlobalGamejam2022/GGJ2022/GGJ2022Game/Content/Sounds/Master_SM.uasset" 237
"D:/GlobalGamejam2022/GGJ2022/GGJ2022Game/Content/Sounds/Master_SM.uexp" 238
"D:/GlobalGamejam2022/GGJ2022/GGJ2022Game/Content/FirstPersonCPP/Blueprints/GGJ_GameInstance.uasset" 239
"D:/GlobalGamejam2022/GGJ2022/GGJ2022Game/Content/FirstPersonCPP/Blueprints/GGJ_GameInstance.uexp" 240
"D:/GlobalGamejam2022/GGJ2022/GGJ2022Game/Content/FPWeapon/Materials/MaterialLayers/T_ML_FineRubber.uasset" 241
"D:/GlobalGamejam2022/GGJ2022/GGJ2022Game/Content/FPWeapon/Materials/MaterialLayers/T_ML_FineRubber.uexp" 242
"D:/GlobalGamejam2022/GGJ2022/GGJ2022Game/Content/FPWeapon/Materials/MaterialLayers/T_ML_FineRubber.ubulk" 243
"D:/GlobalGamejam2022/GGJ2022/GGJ2022Game/Content/Geometry/Meshes/CubeMaterial.uasset" 244
"D:/GlobalGamejam2022/GGJ2022/GGJ2022Game/Content/Geometry/Meshes/CubeMaterial.uexp" 245
"D:/GlobalGamejam2022/GGJ2022/GGJ2022Game/Content/Geometry/Meshes/1M_Cube_Chamfer.uasset" 246
"D:/GlobalGamejam2022/GGJ2022/GGJ2022Game/Content/Geometry/Meshes/1M_Cube_Chamfer.uexp" 247
"D:/GlobalGamejam2022/GGJ2022/GGJ2022Game/Content/Geometry/Meshes/TemplateFloor.uasset" 248
"D:/GlobalGamejam2022/GGJ2022/GGJ2022Game/Content/Geometry/Meshes/TemplateFloor.uexp" 249
"D:/GlobalGamejam2022/GGJ2022/GGJ2022Game/Content/Materials/TestMat.uasset" 250
"D:/GlobalGamejam2022/GGJ2022/GGJ2022Game/Content/Materials/TestMat.uexp" 251
"D:/GlobalGamejam2022/GGJ2022/GGJ2022Game/Content/Materials/TestMat_Inst.uasset" 252
"D:/GlobalGamejam2022/GGJ2022/GGJ2022Game/Content/Materials/TestMat_Inst.uexp" 253
"D:/GlobalGamejam2022/GGJ2022/GGJ2022Game/Content/Sounds/Long_Attn.uasset" 254
"D:/GlobalGamejam2022/GGJ2022/GGJ2022Game/Content/Sounds/Long_Attn.uexp" 255
"../../../Engine/Content/EngineFonts/Faces/RobotoLight.uasset" 256
"../../../Engine/Content/EngineFonts/Faces/RobotoLight.uexp" 257
"../../../Engine/Content/EngineFonts/Faces/RobotoLight.ufont" 258
"../../../Engine/Content/EngineFonts/Faces/RobotoItalic.uasset" 259
"../../../Engine/Content/EngineFonts/Faces/RobotoItalic.uexp" 260
"../../../Engine/Content/EngineFonts/Faces/RobotoItalic.ufont" 261
"../../../Engine/Content/EngineFonts/Faces/RobotoBoldItalic.uasset" 262
"../../../Engine/Content/EngineFonts/Faces/RobotoBoldItalic.uexp" 263
"../../../Engine/Content/EngineFonts/Faces/RobotoBoldItalic.ufont" 264
"../../../Engine/Content/EngineFonts/Faces/RobotoBold.uasset" 265
"../../../Engine/Content/EngineFonts/Faces/RobotoBold.uexp" 266
"../../../Engine/Content/EngineFonts/Faces/RobotoBold.ufont" 267
"../../../Engine/Content/EngineFonts/Faces/DroidSansFallback.uasset" 268
"../../../Engine/Content/EngineFonts/Faces/DroidSansFallback.uexp" 269
"../../../Engine/Content/EngineFonts/Faces/DroidSansFallback.ufont" 270
"../../../Engine/Content/EngineFonts/Faces/RobotoRegular.uasset" 271
"../../../Engine/Content/EngineFonts/Faces/RobotoRegular.uexp" 272
"../../../Engine/Content/EngineFonts/Faces/RobotoRegular.ufont" 273
"../../../Engine/Content/EngineFonts/Roboto.uasset" 274
"../../../Engine/Content/EngineFonts/Roboto.uexp" 275
"../../../Engine/Content/EngineResources/WhiteSquareTexture.uasset" 276
"../../../Engine/Content/EngineResources/WhiteSquareTexture.uexp" 277
"D:/GlobalGamejam2022/GGJ2022/GGJ2022Game/Content/UI/StyledAutoSettings/SettingControls/StyledSliderSetting.uasset" 278
"D:/GlobalGamejam2022/GGJ2022/GGJ2022Game/Content/UI/StyledAutoSettings/SettingControls/StyledSliderSetting.uexp" 279
"D:/GlobalGamejam2022/GGJ2022/GGJ2022Game/Content/UI/SettingRow.uasset" 280
"D:/GlobalGamejam2022/GGJ2022/GGJ2022Game/Content/UI/SettingRow.uexp" 281
"D:/GlobalGamejam2022/GGJ2022/GGJ2022Game/Content/UI/Pages/GameplaySettingsPage.uasset" 282
"D:/GlobalGamejam2022/GGJ2022/GGJ2022Game/Content/UI/Pages/GameplaySettingsPage.uexp" 283
"../../../Engine/Content/Animation/DefaultAnimBoneCompressionSettings.uasset" 284
"../../../Engine/Content/Animation/DefaultAnimBoneCompressionSettings.uexp" 285
"../../../Engine/Content/Animation/DefaultAnimCurveCompressionSettings.uasset" 286
"../../../Engine/Content/Animation/DefaultAnimCurveCompressionSettings.uexp" 287
"../../../Engine/Content/EngineMaterials/T_Default_Material_Grid_N.uasset" 288
"../../../Engine/Content/EngineMaterials/T_Default_Material_Grid_N.uexp" 289
"../../../Engine/Content/EngineMaterials/T_Default_Material_Grid_N.ubulk" 290
"../../../Engine/Content/EngineMaterials/T_Default_Material_Grid_M.uasset" 291
"../../../Engine/Content/EngineMaterials/T_Default_Material_Grid_M.uexp" 292
"../../../Engine/Content/EngineMaterials/T_Default_Material_Grid_M.ubulk" 293
"../../../Engine/Content/Functions/Engine_MaterialFunctions01/Opacity/CameraDepthFade.uasset" 294
"../../../Engine/Content/Functions/Engine_MaterialFunctions01/Opacity/CameraDepthFade.uexp" 295
"../../../Engine/Content/EngineMaterials/WorldGridMaterial.uasset" 296
"../../../Engine/Content/EngineMaterials/WorldGridMaterial.uexp" 297
"../../../Engine/Content/ArtTools/RenderToTexture/Meshes/S_1_Unit_Plane.uasset" 298
"../../../Engine/Content/ArtTools/RenderToTexture/Meshes/S_1_Unit_Plane.uexp" 299
"../../../Engine/Content/EngineMaterials/DefaultMaterial.uasset" 300
"../../../Engine/Content/EngineMaterials/DefaultMaterial.uexp" 301
"../../../Engine/Content/BasicShapes/Cone.uasset" 302
"../../../Engine/Content/BasicShapes/Cone.uexp" 303
"../../../Engine/Content/BasicShapes/Plane.uasset" 304
"../../../Engine/Content/BasicShapes/Plane.uexp" 305
"../../../Engine/Content/BasicShapes/Sphere.uasset" 306
"../../../Engine/Content/BasicShapes/Sphere.uexp" 307
"../../../Engine/Content/EditorLandscapeResources/DataLayer.uasset" 308
"../../../Engine/Content/EditorLandscapeResources/DataLayer.uexp" 309
"../../../Engine/Content/EditorLandscapeResources/DefaultAlphaTexture.uasset" 310
"../../../Engine/Content/EditorLandscapeResources/DefaultAlphaTexture.uexp" 311
"../../../Engine/Content/EditorMaterials/MAT_Groups_Toggle.uasset" 312
"../../../Engine/Content/EditorMaterials/MAT_Groups_Toggle.uexp" 313
"../../../Engine/Content/EditorMaterials/MAT_Groups_Visibility.uasset" 314
"../../../Engine/Content/EditorMaterials/MAT_Groups_Visibility.uexp" 315
"../../../Engine/Content/EditorMaterials/PreviewShadowIndicator.uasset" 316
"../../../Engine/Content/EditorMaterials/PreviewShadowIndicator.uexp" 317
"../../../Engine/Content/EditorMaterials/PreviewShadowIndicator.ubulk" 318
"../../../Engine/Content/EditorMaterials/PreviewShadowIndicatorMaterial.uasset" 319
"../../../Engine/Content/EditorMaterials/PreviewShadowIndicatorMaterial.uexp" 320
"../../../Engine/Content/EditorMaterials/MatineeGroups/MAT_ColorTrack.uasset" 321
"../../../Engine/Content/EditorMaterials/MatineeGroups/MAT_ColorTrack.uexp" 322
"../../../Engine/Content/EditorMaterials/MatineeGroups/MAT_Groups_Anim.uasset" 323
"../../../Engine/Content/EditorMaterials/MatineeGroups/MAT_Groups_Anim.uexp" 324
"../../../Engine/Content/EditorMaterials/MatineeGroups/MAT_Groups_AudioMaster.uasset" 325
"../../../Engine/Content/EditorMaterials/MatineeGroups/MAT_Groups_AudioMaster.uexp" 326
"../../../Engine/Content/EditorMaterials/MatineeGroups/MAT_Groups_Director.uasset" 327
"../../../Engine/Content/EditorMaterials/MatineeGroups/MAT_Groups_Director.uexp" 328
"../../../Engine/Content/EditorMaterials/MatineeGroups/MAT_Groups_Event.uasset" 329
"../../../Engine/Content/EditorMaterials/MatineeGroups/MAT_Groups_Event.uexp" 330
"../../../Engine/Content/EditorMaterials/MatineeGroups/MAT_Groups_Fade.uasset" 331
"../../../Engine/Content/EditorMaterials/MatineeGroups/MAT_Groups_Fade.uexp" 332
"../../../Engine/Content/EditorMaterials/MatineeGroups/MAT_Groups_Float.uasset" 333
"../../../Engine/Content/EditorMaterials/MatineeGroups/MAT_Groups_Float.uexp" 334
"../../../Engine/Content/EditorMaterials/MatineeGroups/MAT_Groups_Move.uasset" 335
"../../../Engine/Content/EditorMaterials/MatineeGroups/MAT_Groups_Move.uexp" 336
"../../../Engine/Content/EditorMaterials/MatineeGroups/MAT_Groups_Slomo.uasset" 337
"../../../Engine/Content/EditorMaterials/MatineeGroups/MAT_Groups_Slomo.uexp" 338
"../../../Engine/Content/EditorMaterials/MatineeGroups/MAT_Groups_Sound.uasset" 339
"../../../Engine/Content/EditorMaterials/MatineeGroups/MAT_Groups_Sound.uexp" 340
"../../../Engine/Content/EditorMaterials/MatineeGroups/MAT_Groups_Vector.uasset" 341
"../../../Engine/Content/EditorMaterials/MatineeGroups/MAT_Groups_Vector.uexp" 342
"../../../Engine/Content/EditorMaterials/ParticleSystems/PSysThumbnail_NoImage.uasset" 343
"../../../Engine/Content/EditorMaterials/ParticleSystems/PSysThumbnail_NoImage.uexp" 344
"../../../Engine/Content/EditorMaterials/ParticleSystems/PSysThumbnail_NoImage.ubulk" 345
"../../../Engine/Content/EditorMaterials/ParticleSystems/PSysThumbnail_OOD.uasset" 346
"../../../Engine/Content/EditorMaterials/ParticleSystems/PSysThumbnail_OOD.uexp" 347
"../../../Engine/Content/EditorMaterials/ParticleSystems/PSysThumbnail_OOD.ubulk" 348
"../../../Engine/Content/EditorMaterials/Camera/CineMat.uasset" 349
"../../../Engine/Content/EditorMaterials/Camera/CineMat.uexp" 350
"../../../Engine/Content/EditorMaterials/Camera/MI_CineMat_Rig.uasset" 351
"../../../Engine/Content/EditorMaterials/Camera/MI_CineMat_Rig.uexp" 352
"../../../Engine/Content/EditorMeshes/Camera/SM_CraneRig_Arm.uasset" 353
"../../../Engine/Content/EditorMeshes/Camera/SM_CraneRig_Arm.uexp" 354
"../../../Engine/Content/EditorMeshes/Camera/SM_CraneRig_Base.uasset" 355
"../../../Engine/Content/EditorMeshes/Camera/SM_CraneRig_Base.uexp" 356
"../../../Engine/Content/EditorMeshes/Camera/SM_CraneRig_Body.uasset" 357
"../../../Engine/Content/EditorMeshes/Camera/SM_CraneRig_Body.uexp" 358
"../../../Engine/Content/EditorMeshes/Camera/SM_CraneRig_Mount.uasset" 359
"../../../Engine/Content/EditorMeshes/Camera/SM_CraneRig_Mount.uexp" 360
"../../../Engine/Content/EditorMeshes/Camera/SM_RailRig_Mount.uasset" 361
"../../../Engine/Content/EditorMeshes/Camera/SM_RailRig_Mount.uexp" 362
"../../../Engine/Content/EditorMeshes/Camera/SM_RailRig_Track.uasset" 363
"../../../Engine/Content/EditorMeshes/Camera/SM_RailRig_Track.uexp" 364
"../../../Engine/Content/EditorResources/BSPVertex.uasset" 365
"../../../Engine/Content/EditorResources/BSPVertex.uexp" 366
"../../../Engine/Content/EditorResources/EmptyActor.uasset" 367
"../../../Engine/Content/EditorResources/EmptyActor.uexp" 368
"../../../Engine/Content/EditorResources/S_Actor.uasset" 369
"../../../Engine/Content/EditorResources/S_Actor.uexp" 370
"../../../Engine/Content/EditorResources/S_Actor.ubulk" 371
"../../../Engine/Content/EditorResources/S_Note.uasset" 372
"../../../Engine/Content/EditorResources/S_Note.uexp" 373
"../../../Engine/Content/EditorResources/S_Note.ubulk" 374
"../../../Engine/Content/EditorResources/S_Solver.uasset" 375
"../../../Engine/Content/EditorResources/S_Solver.uexp" 376
"../../../Engine/Content/EditorResources/S_Solver.ubulk" 377
"../../../Engine/Content/EditorResources/S_Terrain.uasset" 378
"../../../Engine/Content/EditorResources/S_Terrain.uexp" 379
"../../../Engine/Content/EditorResources/S_Terrain.ubulk" 380
"../../../Engine/Content/EditorResources/S_Trigger.uasset" 381
"../../../Engine/Content/EditorResources/S_Trigger.uexp" 382
"../../../Engine/Content/EditorResources/S_Trigger.ubulk" 383
"../../../Engine/Content/EditorResources/LightIcons/S_LightError.uasset" 384
"../../../Engine/Content/EditorResources/LightIcons/S_LightError.uexp" 385
"../../../Engine/Content/EditorResources/SequenceRecorder/Countdown.uasset" 386
"../../../Engine/Content/EditorResources/SequenceRecorder/Countdown.uexp" 387
"../../../Engine/Content/EditorResources/SequenceRecorder/RecordingIndicator.uasset" 388
"../../../Engine/Content/EditorResources/SequenceRecorder/RecordingIndicator.uexp" 389
"../../../Engine/Content/EngineDamageTypes/DmgTypeBP_Environmental.uasset" 390
"../../../Engine/Content/EngineDamageTypes/DmgTypeBP_Environmental.uexp" 391
"../../../Engine/Content/EngineDebugMaterials/DebugEditorMaterial.uasset" 392
"../../../Engine/Content/EngineDebugMaterials/DebugEditorMaterial.uexp" 393
"../../../Engine/Content/EngineDebugMaterials/DebugMeshMaterial.uasset" 394
"../../../Engine/Content/EngineDebugMaterials/DebugMeshMaterial.uexp" 395
"../../../Engine/Content/EngineDebugMaterials/M_SimpleUnlitTranslucent.uasset" 396
"../../../Engine/Content/EngineDebugMaterials/M_SimpleUnlitTranslucent.uexp" 397
"../../../Engine/Content/EngineDebugMaterials/VolumeToRender.uasset" 398
"../../../Engine/Content/EngineDebugMaterials/VolumeToRender.uexp" 399
"../../../Engine/Content/Functions/Engine_MaterialFunctions02/Utility/CameraDirectionVector.uasset" 400
"../../../Engine/Content/Functions/Engine_MaterialFunctions02/Utility/CameraDirectionVector.uexp" 401
"../../../Engine/Content/EngineDebugMaterials/M_VolumeRenderSphereTracePP.uasset" 402
"../../../Engine/Content/EngineDebugMaterials/M_VolumeRenderSphereTracePP.uexp" 403
"../../../Engine/Content/Functions/Engine_MaterialFunctions01/Shading/ConvertFromDiffSpec.uasset" 404
"../../../Engine/Content/Functions/Engine_MaterialFunctions01/Shading/ConvertFromDiffSpec.uexp" 405
"../../../Engine/Content/EngineDebugMaterials/VertexColorMaterial.uasset" 406
"../../../Engine/Content/EngineDebugMaterials/VertexColorMaterial.uexp" 407
"../../../Engine/Content/EngineDebugMaterials/WireframeMaterial.uasset" 408
"../../../Engine/Content/EngineDebugMaterials/WireframeMaterial.uexp" 409
"../../../Engine/Content/EngineMaterials/BaseFlattenNormalMap.uasset" 410
"../../../Engine/Content/EngineMaterials/BaseFlattenNormalMap.uexp" 411
"../../../Engine/Content/EngineMaterials/BaseFlattenGrayscaleMap.uasset" 412
"../../../Engine/Content/EngineMaterials/BaseFlattenGrayscaleMap.uexp" 413
"../../../Engine/Content/EngineMaterials/BaseFlattenEmissiveMap.uasset" 414
"../../../Engine/Content/EngineMaterials/BaseFlattenEmissiveMap.uexp" 415
"../../../Engine/Content/EngineMaterials/BaseFlattenDiffuseMap.uasset" 416
"../../../Engine/Content/EngineMaterials/BaseFlattenDiffuseMap.uexp" 417
"../../../Engine/Content/EngineMaterials/BaseFlattenMaterial.uasset" 418
"../../../Engine/Content/EngineMaterials/BaseFlattenMaterial.uexp" 419
"../../../Engine/Content/EngineMaterials/BlueNoise.uasset" 420
"../../../Engine/Content/EngineMaterials/BlueNoise.uexp" 421
"../../../Engine/Content/EngineMaterials/DefaultBloomKernel.uasset" 422
"../../../Engine/Content/EngineMaterials/DefaultBloomKernel.uexp" 423
"../../../Engine/Content/EngineMaterials/DefaultBokeh.uasset" 424
"../../../Engine/Content/EngineMaterials/DefaultBokeh.uexp" 425
"../../../Engine/Content/EngineMaterials/DefaultDiffuse.uasset" 426
"../../../Engine/Content/EngineMaterials/DefaultDiffuse.uexp" 427
"../../../Engine/Content/EngineMaterials/DefaultDiffuse.ubulk" 428
"../../../Engine/Content/EngineMaterials/DefaultDeferredDecalMaterial.uasset" 429
"../../../Engine/Content/EngineMaterials/DefaultDeferredDecalMaterial.uexp" 430
"../../../Engine/Content/EngineMaterials/DefaultLightFunctionMaterial.uasset" 431
"../../../Engine/Content/EngineMaterials/DefaultLightFunctionMaterial.uexp" 432
"../../../Engine/Content/EngineMaterials/DefaultPhysicalMaterial.uasset" 433
"../../../Engine/Content/EngineMaterials/DefaultPhysicalMaterial.uexp" 434
"../../../Engine/Content/Functions/Engine_MaterialFunctions02/Utility/BreakOutFloat2Components.uasset" 435
"../../../Engine/Content/Functions/Engine_MaterialFunctions02/Utility/BreakOutFloat2Components.uexp" 436
"../../../Engine/Content/EngineMaterials/DefaultPostProcessMaterial.uasset" 437
"../../../Engine/Content/EngineMaterials/DefaultPostProcessMaterial.uexp" 438
"../../../Engine/Content/EngineFonts/RobotoDistanceField.uasset" 439
"../../../Engine/Content/EngineFonts/RobotoDistanceField.uexp" 440
"../../../Engine/Content/EngineMaterials/DefaultTextMaterialOpaque.uasset" 441
"../../../Engine/Content/EngineMaterials/DefaultTextMaterialOpaque.uexp" 442
"../../../Engine/Content/EngineMaterials/DefaultWhiteGrid.uasset" 443
"../../../Engine/Content/EngineMaterials/DefaultWhiteGrid.uexp" 444
"../../../Engine/Content/EngineMaterials/DefaultWhiteGrid.ubulk" 445
"../../../Engine/Content/EngineMaterials/DefaultWhiteGrid_Low.uasset" 446
"../../../Engine/Content/EngineMaterials/DefaultWhiteGrid_Low.uexp" 447
"../../../Engine/Content/EngineMaterials/EmissiveMeshMaterial.uasset" 448
"../../../Engine/Content/EngineMaterials/EmissiveMeshMaterial.uexp" 449
"../../../Engine/Content/EngineMaterials/GizmoMaterial.uasset" 450
"../../../Engine/Content/EngineMaterials/GizmoMaterial.uexp" 451
"../../../Engine/Content/EngineMaterials/Good64x64TilingNoiseHighFreq.uasset" 452
"../../../Engine/Content/EngineMaterials/Good64x64TilingNoiseHighFreq.uexp" 453
"../../../Engine/Content/EngineMaterials/MiniFont.uasset" 454
"../../../Engine/Content/EngineMaterials/MiniFont.uexp" 455
"../../../Engine/Content/EngineMaterials/InvalidLightmapSettings.uasset" 456
"../../../Engine/Content/EngineMaterials/InvalidLightmapSettings.uexp" 457
"../../../Engine/Content/EngineMaterials/InvalidLightmapSettings.ubulk" 458
"../../../Engine/Content/EngineMaterials/M_InvalidLightmapSettings.uasset" 459
"../../../Engine/Content/EngineMaterials/M_InvalidLightmapSettings.uexp" 460
"../../../Engine/Content/Functions/Engine_MaterialFunctions02/WorldPositionOffset/CameraOffset.uasset" 461
"../../../Engine/Content/Functions/Engine_MaterialFunctions02/WorldPositionOffset/CameraOffset.uexp" 462
"../../../Engine/Content/EngineMaterials/PhAT_JointLimitMaterial.uasset" 463
"../../../Engine/Content/EngineMaterials/PhAT_JointLimitMaterial.uexp" 464
"../../../Engine/Content/EngineMaterials/DefaultCalibrationColor.uasset" 465
"../../../Engine/Content/EngineMaterials/DefaultCalibrationColor.uexp" 466
"../../../Engine/Content/EngineMaterials/PPM_DefaultCalibrationColor.uasset" 467
"../../../Engine/Content/EngineMaterials/PPM_DefaultCalibrationColor.uexp" 468
"../../../Engine/Content/EngineMaterials/DefaultCalibrationGrayscale.uasset" 469
"../../../Engine/Content/EngineMaterials/DefaultCalibrationGrayscale.uexp" 470
"../../../Engine/Content/EngineMaterials/PPM_DefaultCalibrationGrayscale.uasset" 471
"../../../Engine/Content/EngineMaterials/PPM_DefaultCalibrationGrayscale.uexp" 472
"../../../Engine/Content/EngineMaterials/PreintegratedSkinBRDF.uasset" 473
"../../../Engine/Content/EngineMaterials/PreintegratedSkinBRDF.uexp" 474
"../../../Engine/Content/EngineMaterials/RemoveSurfaceMaterial.uasset" 475
"../../../Engine/Content/EngineMaterials/RemoveSurfaceMaterial.uexp" 476
"../../../Engine/Content/EngineMaterials/WeightMapPlaceholderTexture.uasset" 477
"../../../Engine/Content/EngineMaterials/WeightMapPlaceholderTexture.uexp" 478
"../../../Engine/Content/EngineMaterials/Widget3DPassThrough.uasset" 479
"../../../Engine/Content/EngineMaterials/Widget3DPassThrough.uexp" 480
"../../../Engine/Content/EngineMaterials/Widget3DPassThrough_Masked.uasset" 481
"../../../Engine/Content/EngineMaterials/Widget3DPassThrough_Masked.uexp" 482
"../../../Engine/Content/EngineMaterials/Widget3DPassThrough_Opaque.uasset" 483
"../../../Engine/Content/EngineMaterials/Widget3DPassThrough_Opaque.uexp" 484
"../../../Engine/Content/EngineMaterials/Widget3DPassThrough_Masked_OneSided.uasset" 485
"../../../Engine/Content/EngineMaterials/Widget3DPassThrough_Masked_OneSided.uexp" 486
"../../../Engine/Content/EngineMaterials/Widget3DPassThrough_Opaque_OneSided.uasset" 487
"../../../Engine/Content/EngineMaterials/Widget3DPassThrough_Opaque_OneSided.uexp" 488
"../../../Engine/Content/EngineMaterials/Widget3DPassThrough_Translucent.uasset" 489
"../../../Engine/Content/EngineMaterials/Widget3DPassThrough_Translucent.uexp" 490
"../../../Engine/Content/EngineMaterials/Widget3DPassThrough_Translucent_OneSided.uasset" 491
"../../../Engine/Content/EngineMaterials/Widget3DPassThrough_Translucent_OneSided.uexp" 492
"../../../Engine/Content/EngineMeshes/Cylinder.uasset" 493
"../../../Engine/Content/EngineMeshes/Cylinder.uexp" 494
"../../../Engine/Content/EngineMeshes/Sphere.uasset" 495
"../../../Engine/Content/EngineMeshes/Sphere.uexp" 496
"../../../Engine/Content/EngineResources/DefaultTexture.uasset" 497
"../../../Engine/Content/EngineResources/DefaultTexture.uexp" 498
"../../../Engine/Content/EngineResources/DefaultTexture.ubulk" 499
"../../../Engine/Content/EngineResources/DefaultTextureCube.uasset" 500
"../../../Engine/Content/EngineResources/DefaultTextureCube.uexp" 501
"../../../Engine/Content/EngineResources/DefaultVolumeTexture2D.uasset" 502
"../../../Engine/Content/EngineResources/DefaultVolumeTexture2D.uexp" 503
"../../../Engine/Content/EngineResources/DefaultVolumeTexture.uasset" 504
"../../../Engine/Content/EngineResources/DefaultVolumeTexture.uexp" 505
"../../../Engine/Content/EngineResources/GradientTexture0.uasset" 506
"../../../Engine/Content/EngineResources/GradientTexture0.uexp" 507
"../../../Engine/Content/EngineSky/VolumetricClouds/T_NoiseShape64.uasset" 508
"../../../Engine/Content/EngineSky/VolumetricClouds/T_NoiseShape64.uexp" 509
"../../../Engine/Content/EngineSky/VolumetricClouds/T_NoiseShape64.ubulk" 510
"../../../Engine/Content/EngineSky/VolumetricClouds/T_VolumeNoiseShape64.uasset" 511
"../../../Engine/Content/EngineSky/VolumetricClouds/T_VolumeNoiseShape64.uexp" 512
"../../../Engine/Content/EngineSky/VolumetricClouds/T_NoiseErosion.uasset" 513
"../../../Engine/Content/EngineSky/VolumetricClouds/T_NoiseErosion.uexp" 514
"../../../Engine/Content/EngineSky/VolumetricClouds/T_NoiseErosion.ubulk" 515
"../../../Engine/Content/EngineSky/VolumetricClouds/T_VolumeNoiseErosion32.uasset" 516
"../../../Engine/Content/EngineSky/VolumetricClouds/T_VolumeNoiseErosion32.uexp" 517
"../../../Engine/Content/EngineSky/VolumetricClouds/CloudWeatherTexture.uasset" 518
"../../../Engine/Content/EngineSky/VolumetricClouds/CloudWeatherTexture.uexp" 519
"../../../Engine/Content/EngineSky/VolumetricClouds/CloudGradientTexture.uasset" 520
"../../../Engine/Content/EngineSky/VolumetricClouds/CloudGradientTexture.uexp" 521
"../../../Engine/Content/Functions/Engine_MaterialFunctions02/Utility/MakeFloat2.uasset" 522
"../../../Engine/Content/Functions/Engine_MaterialFunctions02/Utility/MakeFloat2.uexp" 523
"../../../Engine/Content/EngineSky/VolumetricClouds/m_SimpleVolumetricCloud.uasset" 524
"../../../Engine/Content/EngineSky/VolumetricClouds/m_SimpleVolumetricCloud.uexp" 525
"../../../Engine/Content/EngineSky/VolumetricClouds/m_SimpleVolumetricCloud_Inst.uasset" 526
"../../../Engine/Content/EngineSky/VolumetricClouds/m_SimpleVolumetricCloud_Inst.uexp" 527
"../../../Engine/Content/EngineSounds/Master.uasset" 528
"../../../Engine/Content/EngineSounds/Master.uexp" 529
"../../../Engine/Content/Functions/Engine_MaterialFunctions01/Shading/PowerToRoughness.uasset" 530
"../../../Engine/Content/Functions/Engine_MaterialFunctions01/Shading/PowerToRoughness.uexp" 531
"../../../Engine/Content/Maps/Templates/Thumbnails/Default.uasset" 532
"../../../Engine/Content/Maps/Templates/Thumbnails/Default.uexp" 533
"../../../Engine/Content/Maps/Templates/Thumbnails/TimeOfDay.uasset" 534
"../../../Engine/Content/Maps/Templates/Thumbnails/TimeOfDay.uexp" 535
"../../../Engine/Content/Maps/Templates/Thumbnails/VR-Basic.uasset" 536
"../../../Engine/Content/Maps/Templates/Thumbnails/VR-Basic.uexp" 537
"../../../Engine/Content/MobileResources/T_MobileControls_texture.uasset" 538
"../../../Engine/Content/MobileResources/T_MobileControls_texture.uexp" 539
"../../../Engine/Content/MobileResources/T_MobileMenu2.uasset" 540
"../../../Engine/Content/MobileResources/T_MobileMenu2.uexp" 541
"../../../Engine/Content/MobileResources/HUD/AnalogHat.uasset" 542
"../../../Engine/Content/MobileResources/HUD/AnalogHat.uexp" 543
"../../../Engine/Content/MobileResources/HUD/VirtualJoystick_Thumb.uasset" 544
"../../../Engine/Content/MobileResources/HUD/VirtualJoystick_Thumb.uexp" 545
"../../../Engine/Content/MobileResources/HUD/VirtualJoystick_Background.uasset" 546
"../../../Engine/Content/MobileResources/HUD/VirtualJoystick_Background.uexp" 547
"../../../Engine/Content/MobileResources/HUD/DefaultVirtualJoysticks.uasset" 548
"../../../Engine/Content/MobileResources/HUD/DefaultVirtualJoysticks.uexp" 549
"../../../Engine/Content/MobileResources/HUD/LeftVirtualJoystickOnly.uasset" 550
"../../../Engine/Content/MobileResources/HUD/LeftVirtualJoystickOnly.uexp" 551
"../../../Engine/Content/MobileResources/HUD/MobileHUDButton1_off.uasset" 552
"../../../Engine/Content/MobileResources/HUD/MobileHUDButton1_off.uexp" 553
"../../../Engine/Content/MobileResources/HUD/MobileHUDButton1_on.uasset" 554
"../../../Engine/Content/MobileResources/HUD/MobileHUDButton1_on.uexp" 555
"../../../Engine/Content/MobileResources/HUD/MobileHUDButton2_off.uasset" 556
"../../../Engine/Content/MobileResources/HUD/MobileHUDButton2_off.uexp" 557
"../../../Engine/Content/MobileResources/HUD/MobileHUDButton2_on.uasset" 558
"../../../Engine/Content/MobileResources/HUD/MobileHUDButton2_on.uexp" 559
"../../../Engine/Content/MobileResources/HUD/MobileHUDButton3.uasset" 560
"../../../Engine/Content/MobileResources/HUD/MobileHUDButton3.uexp" 561
"../../../Engine/Content/MobileResources/HUD/MobileHUDButtonFire.uasset" 562
"../../../Engine/Content/MobileResources/HUD/MobileHUDButtonFire.uexp" 563
"../../../Engine/Content/MobileResources/HUD/MobileHUDDirectionPad.uasset" 564
"../../../Engine/Content/MobileResources/HUD/MobileHUDDirectionPad.uexp" 565
"../../../Engine/Content/MobileResources/HUD/MobileHUDDirectionPad2.uasset" 566
"../../../Engine/Content/MobileResources/HUD/MobileHUDDirectionPad2.uexp" 567
"../../../Engine/Content/MobileResources/HUD/MobileHUDDirectionPad3.uasset" 568
"../../../Engine/Content/MobileResources/HUD/MobileHUDDirectionPad3.uexp" 569
"../../../Engine/Content/MobileResources/HUD/MobileHUDDirectionStick.uasset" 570
"../../../Engine/Content/MobileResources/HUD/MobileHUDDirectionStick.uexp" 571
"../../../Engine/Content/MobileResources/HUD/T_Castle_ThumbstickInner.uasset" 572
"../../../Engine/Content/MobileResources/HUD/T_Castle_ThumbstickInner.uexp" 573
"../../../Engine/Content/MobileResources/HUD/T_Castle_ThumbstickOutter.uasset" 574
"../../../Engine/Content/MobileResources/HUD/T_Castle_ThumbstickOutter.uexp" 575
"../../../Engine/Content/Tutorial/ContentIntroCurve.uasset" 576
"../../../Engine/Content/Tutorial/ContentIntroCurve.uexp" 577
"../../../Engine/Content/Tutorial/BlueprintTutorials/TutorialAssets/Blueprint_64x.uasset" 578
"../../../Engine/Content/Tutorial/BlueprintTutorials/TutorialAssets/Blueprint_64x.uexp" 579
"../../../Engine/Content/Tutorial/Landscape/TutorialAssets/Landscape.uasset" 580
"../../../Engine/Content/Tutorial/Landscape/TutorialAssets/Landscape.uexp" 581
"../../../Engine/Content/Tutorial/Mobile/TutorialAssets/IOS.uasset" 582
"../../../Engine/Content/Tutorial/Mobile/TutorialAssets/IOS.uexp" 583
"../../../Engine/Content/VREditor/TransformGizmo/TranslucentTransformGizmoMaterial.uasset" 584
"../../../Engine/Content/VREditor/TransformGizmo/TranslucentTransformGizmoMaterial.uexp" 585
"../../../Engine/Content/VREditor/LaserPointer/VR_LaserPower_01.uasset" 586
"../../../Engine/Content/VREditor/LaserPointer/VR_LaserPower_01.uexp" 587
"../../../Engine/Content/VREditor/LaserPointer/VR_LaserPower_01.ubulk" 588
"../../../Engine/Content/VREditor/TransformGizmo/TransformGizmoMaterial.uasset" 589
"../../../Engine/Content/VREditor/TransformGizmo/TransformGizmoMaterial.uexp" 590
"../../../Engine/Content/VREditor/TransformGizmo/BoundingBoxCorner.uasset" 591
"../../../Engine/Content/VREditor/TransformGizmo/BoundingBoxCorner.uexp" 592
"../../../Engine/Content/VREditor/TransformGizmo/BoundingBoxEdge.uasset" 593
"../../../Engine/Content/VREditor/TransformGizmo/BoundingBoxEdge.uexp" 594
"../../../Engine/Content/VREditor/TransformGizmo/PlaneTranslationHandle.uasset" 595
"../../../Engine/Content/VREditor/TransformGizmo/PlaneTranslationHandle.uexp" 596
"../../../Engine/Content/VREditor/TransformGizmo/Xray.uasset" 597
"../../../Engine/Content/VREditor/TransformGizmo/Xray.uexp" 598
"../../../Engine/Content/VREditor/TransformGizmo/Main.uasset" 599
"../../../Engine/Content/VREditor/TransformGizmo/Main.uexp" 600
"../../../Engine/Content/VREditor/TransformGizmo/SM_Sequencer_Key.uasset" 601
"../../../Engine/Content/VREditor/TransformGizmo/SM_Sequencer_Key.uexp" 602
"../../../Engine/Content/VREditor/TransformGizmo/SM_Sequencer_Node.uasset" 603
"../../../Engine/Content/VREditor/TransformGizmo/SM_Sequencer_Node.uexp" 604
"../../../Engine/Plugins/2D/Paper2D/Content/PlaceholderTextures/DummySpriteTexture.uasset" 605
"../../../Engine/Plugins/2D/Paper2D/Content/PlaceholderTextures/DummySpriteTexture.uexp" 606
"../../../Engine/Plugins/2D/Paper2D/Content/PlaceholderTextures/DummySpriteTexture.ubulk" 607
"../../../Engine/Plugins/2D/Paper2D/Content/DummySprite.uasset" 608
"../../../Engine/Plugins/2D/Paper2D/Content/DummySprite.uexp" 609
"../../../Engine/Plugins/2D/Paper2D/Content/DefaultPaperTerrainMaterial.uasset" 610
"../../../Engine/Plugins/2D/Paper2D/Content/DefaultPaperTerrainMaterial.uexp" 611
"../../../Engine/Plugins/2D/Paper2D/Content/DefaultSpriteMaterial.uasset" 612
"../../../Engine/Plugins/2D/Paper2D/Content/DefaultSpriteMaterial.uexp" 613
"../../../Engine/Plugins/2D/Paper2D/Content/MaskedUnlitSpriteMaterial.uasset" 614
"../../../Engine/Plugins/2D/Paper2D/Content/MaskedUnlitSpriteMaterial.uexp" 615
"../../../Engine/Plugins/2D/Paper2D/Content/OpaqueUnlitSpriteMaterial.uasset" 616
"../../../Engine/Plugins/2D/Paper2D/Content/OpaqueUnlitSpriteMaterial.uexp" 617
"../../../Engine/Content/Functions/Engine_MaterialFunctions02/Utility/VectorLength.uasset" 618
"../../../Engine/Content/Functions/Engine_MaterialFunctions02/Utility/VectorLength.uexp" 619
"../../../Engine/Content/Functions/Engine_MaterialFunctions02/ObjectLocalBounds.uasset" 620
"../../../Engine/Content/Functions/Engine_MaterialFunctions02/ObjectLocalBounds.uexp" 621
"../../../Engine/Content/Functions/Engine_MaterialFunctions02/Utility/BreakOutFloat3Components.uasset" 622
"../../../Engine/Content/Functions/Engine_MaterialFunctions02/Utility/BreakOutFloat3Components.uexp" 623
"../../../Engine/Content/Functions/Engine_MaterialFunctions02/WorldPositionOffset/ObjectScale.uasset" 624
"../../../Engine/Content/Functions/Engine_MaterialFunctions02/WorldPositionOffset/ObjectScale.uexp" 625
"../../../Engine/Plugins/Editor/SpeedTreeImporter/Content/SpeedTree9/UnpackInteger3.uasset" 626
"../../../Engine/Plugins/Editor/SpeedTreeImporter/Content/SpeedTree9/UnpackInteger3.uexp" 627
"../../../Engine/Plugins/Editor/SpeedTreeImporter/Content/SpeedTree9/UnpackDirection.uasset" 628
"../../../Engine/Plugins/Editor/SpeedTreeImporter/Content/SpeedTree9/UnpackDirection.uexp" 629
"../../../Engine/Plugins/Editor/SpeedTreeImporter/Content/SpeedTree9/game_wind_noise.uasset" 630
"../../../Engine/Plugins/Editor/SpeedTreeImporter/Content/SpeedTree9/game_wind_noise.uexp" 631
"../../../Engine/Plugins/Editor/SpeedTreeImporter/Content/SpeedTree9/game_wind_noise.ubulk" 632
"../../../Engine/Content/Functions/Engine_MaterialFunctions02/SafeNormalize.uasset" 633
"../../../Engine/Content/Functions/Engine_MaterialFunctions02/SafeNormalize.uexp" 634
"../../../Engine/Plugins/Editor/SpeedTreeImporter/Content/SpeedTree9/SpeedTreeWindMotion.uasset" 635
"../../../Engine/Plugins/Editor/SpeedTreeImporter/Content/SpeedTree9/SpeedTreeWindMotion.uexp" 636
"../../../Engine/Plugins/Editor/SpeedTreeImporter/Content/SpeedTree9/SpeedTreeBranchMotion.uasset" 637
"../../../Engine/Plugins/Editor/SpeedTreeImporter/Content/SpeedTree9/SpeedTreeBranchMotion.uexp" 638
"../../../Engine/Content/Functions/Engine_MaterialFunctions02/UVs/BoundingBoxBased_0-1_UVW.uasset" 639
"../../../Engine/Content/Functions/Engine_MaterialFunctions02/UVs/BoundingBoxBased_0-1_UVW.uexp" 640
"../../../Engine/Plugins/Editor/SpeedTreeImporter/Content/SpeedTree9/SpeedTreeWind.uasset" 641
"../../../Engine/Plugins/Editor/SpeedTreeImporter/Content/SpeedTree9/SpeedTreeWind.uexp" 642
"../../../Engine/Plugins/Editor/SpeedTreeImporter/Content/SpeedTree9/SpeedTreeBillboard.uasset" 643
"../../../Engine/Plugins/Editor/SpeedTreeImporter/Content/SpeedTree9/SpeedTreeBillboard.uexp" 644
"../../../Engine/Plugins/Editor/SpeedTreeImporter/Content/SpeedTree9/EmptyNormal.uasset" 645
"../../../Engine/Plugins/Editor/SpeedTreeImporter/Content/SpeedTree9/EmptyNormal.uexp" 646
"../../../Engine/Plugins/Editor/SpeedTreeImporter/Content/SpeedTree9/Empty.uasset" 647
"../../../Engine/Plugins/Editor/SpeedTreeImporter/Content/SpeedTree9/Empty.uexp" 648
"../../../Engine/Plugins/Editor/SpeedTreeImporter/Content/SpeedTree9/SpeedTreeBillboardMaster.uasset" 649
"../../../Engine/Plugins/Editor/SpeedTreeImporter/Content/SpeedTree9/SpeedTreeBillboardMaster.uexp" 650
"../../../Engine/Plugins/Editor/SpeedTreeImporter/Content/SpeedTree9/SpeedTreeCameraFacing.uasset" 651
"../../../Engine/Plugins/Editor/SpeedTreeImporter/Content/SpeedTree9/SpeedTreeCameraFacing.uexp" 652
"../../../Engine/Plugins/Editor/SpeedTreeImporter/Content/SpeedTree9/SpeedTreeMaster.uasset" 653
"../../../Engine/Plugins/Editor/SpeedTreeImporter/Content/SpeedTree9/SpeedTreeMaster.uexp" 654
"../../../Engine/Content/ArtTools/RenderToTexture/Materials/Debug/M_Emissive_Color.uasset" 655
"../../../Engine/Content/ArtTools/RenderToTexture/Materials/Debug/M_Emissive_Color.uexp" 656
"../../../Engine/Content/BasicShapes/Cylinder.uasset" 657
"../../../Engine/Content/BasicShapes/Cylinder.uexp" 658
"../../../Engine/Plugins/Lumin/MagicLeapPassableWorld/Content/MagicLeapARPinInfoActor.uasset" 659
"../../../Engine/Plugins/Lumin/MagicLeapPassableWorld/Content/MagicLeapARPinInfoActor.uexp" 660
"../../../Engine/Plugins/Runtime/OpenXR/Content/Devices/GoogleDaydream/MRTexture.uasset" 661
"../../../Engine/Plugins/Runtime/OpenXR/Content/Devices/GoogleDaydream/MRTexture.uexp" 662
"../../../Engine/Plugins/Runtime/OpenXR/Content/Devices/GoogleDaydream/MRTexture.ubulk" 663
"../../../Engine/Plugins/Runtime/OpenXR/Content/Devices/GoogleDaydream/BaseTexture.uasset" 664
"../../../Engine/Plugins/Runtime/OpenXR/Content/Devices/GoogleDaydream/BaseTexture.uexp" 665
"../../../Engine/Plugins/Runtime/OpenXR/Content/Devices/GoogleDaydream/BaseTexture.ubulk" 666
"../../../Engine/Content/EngineResources/Black.uasset" 667
"../../../Engine/Content/EngineResources/Black.uexp" 668
"../../../Engine/Plugins/Runtime/OpenXR/Content/Devices/M_XRController.uasset" 669
"../../../Engine/Plugins/Runtime/OpenXR/Content/Devices/M_XRController.uexp" 670
"../../../Engine/Plugins/Runtime/OpenXR/Content/Devices/GoogleDaydream/MI_GoogleDaydream.uasset" 671
"../../../Engine/Plugins/Runtime/OpenXR/Content/Devices/GoogleDaydream/MI_GoogleDaydream.uexp" 672
"../../../Engine/Plugins/Runtime/OpenXR/Content/Devices/GoogleDaydream/GoogleDaydreamController.uasset" 673
"../../../Engine/Plugins/Runtime/OpenXR/Content/Devices/GoogleDaydream/GoogleDaydreamController.uexp" 674
"../../../Engine/Plugins/Runtime/OpenXR/Content/Devices/HTCVive/BaseTexture.uasset" 675
"../../../Engine/Plugins/Runtime/OpenXR/Content/Devices/HTCVive/BaseTexture.uexp" 676
"../../../Engine/Plugins/Runtime/OpenXR/Content/Devices/HTCVive/BaseTexture.ubulk" 677
"../../../Engine/Plugins/Runtime/OpenXR/Content/Devices/HTCVive/MI_HTCVive.uasset" 678
"../../../Engine/Plugins/Runtime/OpenXR/Content/Devices/HTCVive/MI_HTCVive.uexp" 679
"../../../Engine/Plugins/Runtime/OpenXR/Content/Devices/HTCVive/HTCViveController.uasset" 680
"../../../Engine/Plugins/Runtime/OpenXR/Content/Devices/HTCVive/HTCViveController.uexp" 681
"../../../Engine/Plugins/Runtime/OpenXR/Content/Devices/MicrosoftMixedReality/NormalTexture.uasset" 682
"../../../Engine/Plugins/Runtime/OpenXR/Content/Devices/MicrosoftMixedReality/NormalTexture.uexp" 683
"../../../Engine/Plugins/Runtime/OpenXR/Content/Devices/MicrosoftMixedReality/NormalTexture.ubulk" 684
"../../../Engine/Plugins/Runtime/OpenXR/Content/Devices/MicrosoftMixedReality/MRTexture.uasset" 685
"../../../Engine/Plugins/Runtime/OpenXR/Content/Devices/MicrosoftMixedReality/MRTexture.uexp" 686
"../../../Engine/Plugins/Runtime/OpenXR/Content/Devices/MicrosoftMixedReality/MRTexture.ubulk" 687
"../../../Engine/Plugins/Runtime/OpenXR/Content/Devices/MicrosoftMixedReality/EmissiveTexture.uasset" 688
"../../../Engine/Plugins/Runtime/OpenXR/Content/Devices/MicrosoftMixedReality/EmissiveTexture.uexp" 689
"../../../Engine/Plugins/Runtime/OpenXR/Content/Devices/MicrosoftMixedReality/EmissiveTexture.ubulk" 690
"../../../Engine/Plugins/Runtime/OpenXR/Content/Devices/MicrosoftMixedReality/BaseTexture.uasset" 691
"../../../Engine/Plugins/Runtime/OpenXR/Content/Devices/MicrosoftMixedReality/BaseTexture.uexp" 692
"../../../Engine/Plugins/Runtime/OpenXR/Content/Devices/MicrosoftMixedReality/BaseTexture.ubulk" 693
"../../../Engine/Plugins/Runtime/OpenXR/Content/Devices/MicrosoftMixedReality/MI_MicrosoftMixedReality.uasset" 694
"../../../Engine/Plugins/Runtime/OpenXR/Content/Devices/MicrosoftMixedReality/MI_MicrosoftMixedReality.uexp" 695
"../../../Engine/Plugins/Runtime/OpenXR/Content/Devices/MicrosoftMixedReality/Left/left_MicrosoftMixedRealityController.uasset" 696
"../../../Engine/Plugins/Runtime/OpenXR/Content/Devices/MicrosoftMixedReality/Left/left_MicrosoftMixedRealityController.uexp" 697
"../../../Engine/Plugins/Runtime/OpenXR/Content/Devices/MicrosoftMixedReality/Right/right_MicrosoftMixedRealityController.uasset" 698
"../../../Engine/Plugins/Runtime/OpenXR/Content/Devices/MicrosoftMixedReality/Right/right_MicrosoftMixedRealityController.uexp" 699
"../../../Engine/Plugins/Runtime/OpenXR/Content/Devices/OculusGo/BaseTexture.uasset" 700
"../../../Engine/Plugins/Runtime/OpenXR/Content/Devices/OculusGo/BaseTexture.uexp" 701
"../../../Engine/Plugins/Runtime/OpenXR/Content/Devices/OculusGo/BaseTexture.ubulk" 702
"../../../Engine/Plugins/Runtime/OpenXR/Content/Devices/OculusGo/MI_OculusGo.uasset" 703
"../../../Engine/Plugins/Runtime/OpenXR/Content/Devices/OculusGo/MI_OculusGo.uexp" 704
"../../../Engine/Plugins/Runtime/OpenXR/Content/Devices/OculusGo/OculusGoController.uasset" 705
"../../../Engine/Plugins/Runtime/OpenXR/Content/Devices/OculusGo/OculusGoController.uexp" 706
"../../../Engine/Plugins/Runtime/OpenXR/Content/Devices/OculusTouch/MRTexture.uasset" 707
"../../../Engine/Plugins/Runtime/OpenXR/Content/Devices/OculusTouch/MRTexture.uexp" 708
"../../../Engine/Plugins/Runtime/OpenXR/Content/Devices/OculusTouch/MRTexture.ubulk" 709
"../../../Engine/Plugins/Runtime/OpenXR/Content/Devices/OculusTouch/BaseTexture.uasset" 710
"../../../Engine/Plugins/Runtime/OpenXR/Content/Devices/OculusTouch/BaseTexture.uexp" 711
"../../../Engine/Plugins/Runtime/OpenXR/Content/Devices/OculusTouch/BaseTexture.ubulk" 712
"../../../Engine/Plugins/Runtime/OpenXR/Content/Devices/OculusTouch/MI_OculusTouch.uasset" 713
"../../../Engine/Plugins/Runtime/OpenXR/Content/Devices/OculusTouch/MI_OculusTouch.uexp" 714
"../../../Engine/Plugins/Runtime/OpenXR/Content/Devices/OculusTouch/Left/left_OculusTouchController.uasset" 715
"../../../Engine/Plugins/Runtime/OpenXR/Content/Devices/OculusTouch/Left/left_OculusTouchController.uexp" 716
"../../../Engine/Plugins/Runtime/OpenXR/Content/Devices/OculusTouch/Right/right_OculusTouchController.uasset" 717
"../../../Engine/Plugins/Runtime/OpenXR/Content/Devices/OculusTouch/Right/right_OculusTouchController.uexp" 718
"../../../Engine/Plugins/Runtime/OpenXR/Content/Devices/OculusTouch_v2/MRTexture.uasset" 719
"../../../Engine/Plugins/Runtime/OpenXR/Content/Devices/OculusTouch_v2/MRTexture.uexp" 720
"../../../Engine/Plugins/Runtime/OpenXR/Content/Devices/OculusTouch_v2/MRTexture.ubulk" 721
"../../../Engine/Plugins/Runtime/OpenXR/Content/Devices/OculusTouch_v2/BaseTexture.uasset" 722
"../../../Engine/Plugins/Runtime/OpenXR/Content/Devices/OculusTouch_v2/BaseTexture.uexp" 723
"../../../Engine/Plugins/Runtime/OpenXR/Content/Devices/OculusTouch_v2/BaseTexture.ubulk" 724
"../../../Engine/Plugins/Runtime/OpenXR/Content/Devices/OculusTouch_v2/MI_OculusTouch_v2.uasset" 725
"../../../Engine/Plugins/Runtime/OpenXR/Content/Devices/OculusTouch_v2/MI_OculusTouch_v2.uexp" 726
"../../../Engine/Plugins/Runtime/OpenXR/Content/Devices/OculusTouch_v2/Left/left_OculusTouch_v2Controller.uasset" 727
"../../../Engine/Plugins/Runtime/OpenXR/Content/Devices/OculusTouch_v2/Left/left_OculusTouch_v2Controller.uexp" 728
"../../../Engine/Plugins/Runtime/OpenXR/Content/Devices/OculusTouch_v2/Right/right_OculusTouch_v2Controller.uasset" 729
"../../../Engine/Plugins/Runtime/OpenXR/Content/Devices/OculusTouch_v2/Right/right_OculusTouch_v2Controller.uexp" 730
"../../../Engine/Plugins/Runtime/OpenXR/Content/Devices/OculusTouch_v3/MRTexture.uasset" 731
"../../../Engine/Plugins/Runtime/OpenXR/Content/Devices/OculusTouch_v3/MRTexture.uexp" 732
"../../../Engine/Plugins/Runtime/OpenXR/Content/Devices/OculusTouch_v3/MRTexture.ubulk" 733
"../../../Engine/Plugins/Runtime/OpenXR/Content/Devices/OculusTouch_v3/BaseTexture.uasset" 734
"../../../Engine/Plugins/Runtime/OpenXR/Content/Devices/OculusTouch_v3/BaseTexture.uexp" 735
"../../../Engine/Plugins/Runtime/OpenXR/Content/Devices/OculusTouch_v3/BaseTexture.ubulk" 736
"../../../Engine/Plugins/Runtime/OpenXR/Content/Devices/OculusTouch_v3/MI_OculusTouch_v3.uasset" 737
"../../../Engine/Plugins/Runtime/OpenXR/Content/Devices/OculusTouch_v3/MI_OculusTouch_v3.uexp" 738
"../../../Engine/Plugins/Runtime/OpenXR/Content/Devices/OculusTouch_v3/Left/left_OculusTouch_v3Controller.uasset" 739
"../../../Engine/Plugins/Runtime/OpenXR/Content/Devices/OculusTouch_v3/Left/left_OculusTouch_v3Controller.uexp" 740
"../../../Engine/Plugins/Runtime/OpenXR/Content/Devices/OculusTouch_v3/Right/right_OculusTouch_v3Controller.uasset" 741
"../../../Engine/Plugins/Runtime/OpenXR/Content/Devices/OculusTouch_v3/Right/right_OculusTouch_v3Controller.uexp" 742
"../../../Engine/Plugins/Runtime/OpenXR/Content/Devices/ValveIndex/MRTexture.uasset" 743
"../../../Engine/Plugins/Runtime/OpenXR/Content/Devices/ValveIndex/MRTexture.uexp" 744
"../../../Engine/Plugins/Runtime/OpenXR/Content/Devices/ValveIndex/MRTexture.ubulk" 745
"../../../Engine/Plugins/Runtime/OpenXR/Content/Devices/ValveIndex/BaseTexture.uasset" 746
"../../../Engine/Plugins/Runtime/OpenXR/Content/Devices/ValveIndex/BaseTexture.uexp" 747
"../../../Engine/Plugins/Runtime/OpenXR/Content/Devices/ValveIndex/BaseTexture.ubulk" 748
"../../../Engine/Plugins/Runtime/OpenXR/Content/Devices/ValveIndex/Left/MI_left_ValveIndex.uasset" 749
"../../../Engine/Plugins/Runtime/OpenXR/Content/Devices/ValveIndex/Left/MI_left_ValveIndex.uexp" 750
"../../../Engine/Plugins/Runtime/OpenXR/Content/Devices/ValveIndex/Left/left_ValveIndexController.uasset" 751
"../../../Engine/Plugins/Runtime/OpenXR/Content/Devices/ValveIndex/Left/left_ValveIndexController.uexp" 752
"../../../Engine/Plugins/Runtime/OpenXR/Content/Devices/ValveIndex/Right/MI_right_ValveIndex.uasset" 753
"../../../Engine/Plugins/Runtime/OpenXR/Content/Devices/ValveIndex/Right/MI_right_ValveIndex.uexp" 754
"../../../Engine/Plugins/Runtime/OpenXR/Content/Devices/ValveIndex/Right/right_ValveIndexController.uasset" 755
"../../../Engine/Plugins/Runtime/OpenXR/Content/Devices/ValveIndex/Right/right_ValveIndexController.uexp" 756
"../../../Engine/Content/Functions/Engine_MaterialFunctions02/Utility/BreakOutFloat4Components.uasset" 757
"../../../Engine/Content/Functions/Engine_MaterialFunctions02/Utility/BreakOutFloat4Components.uexp" 758
"../../../Engine/Content/Functions/Engine_MaterialFunctions02/Utility/MakeFloat3.uasset" 759
"../../../Engine/Content/Functions/Engine_MaterialFunctions02/Utility/MakeFloat3.uexp" 760
"../../../Engine/Plugins/Runtime/Oculus/OculusVR/Content/Materials/OculusMR_ChromaKey.uasset" 761
"../../../Engine/Plugins/Runtime/Oculus/OculusVR/Content/Materials/OculusMR_ChromaKey.uexp" 762
"../../../Engine/Plugins/Runtime/Oculus/OculusVR/Content/Materials/OculusMR_OpaqueColoredMaterial.uasset" 763
"../../../Engine/Plugins/Runtime/Oculus/OculusVR/Content/Materials/OculusMR_OpaqueColoredMaterial.uexp" 764
"../../../Engine/Plugins/Runtime/Oculus/OculusVR/Content/Materials/PokeAHoleMaterial.uasset" 765
"../../../Engine/Plugins/Runtime/Oculus/OculusVR/Content/Materials/PokeAHoleMaterial.uexp" 766
"../../../Engine/Plugins/Runtime/Oculus/OculusVR/Content/Textures/touchController_controlmap.uasset" 767
"../../../Engine/Plugins/Runtime/Oculus/OculusVR/Content/Textures/touchController_controlmap.uexp" 768
"../../../Engine/Plugins/Runtime/Oculus/OculusVR/Content/Textures/touchController_controlmap.ubulk" 769
"../../../Engine/Plugins/Runtime/Oculus/OculusVR/Content/Textures/touchController_albedo.uasset" 770
"../../../Engine/Plugins/Runtime/Oculus/OculusVR/Content/Textures/touchController_albedo.uexp" 771
"../../../Engine/Plugins/Runtime/Oculus/OculusVR/Content/Textures/touchController_albedo.ubulk" 772
"../../../Engine/Plugins/Runtime/Oculus/OculusVR/Content/Materials/touchController_mat.uasset" 773
"../../../Engine/Plugins/Runtime/Oculus/OculusVR/Content/Materials/touchController_mat.uexp" 774
"../../../Engine/Plugins/Runtime/Oculus/OculusVR/Content/Meshes/LeftTouchController.uasset" 775
"../../../Engine/Plugins/Runtime/Oculus/OculusVR/Content/Meshes/LeftTouchController.uexp" 776
"../../../Engine/Plugins/Runtime/Oculus/OculusVR/Content/Textures/TouchForQuestRiftSController_albedo.uasset" 777
"../../../Engine/Plugins/Runtime/Oculus/OculusVR/Content/Textures/TouchForQuestRiftSController_albedo.uexp" 778
"../../../Engine/Plugins/Runtime/Oculus/OculusVR/Content/Textures/TouchForQuestRiftSController_albedo.ubulk" 779
"../../../Engine/Plugins/Runtime/Oculus/OculusVR/Content/Materials/TouchForQuestRiftSControllerMaterial.uasset" 780
"../../../Engine/Plugins/Runtime/Oculus/OculusVR/Content/Materials/TouchForQuestRiftSControllerMaterial.uexp" 781
"../../../Engine/Plugins/Runtime/Oculus/OculusVR/Content/Meshes/LeftTouchForQuestRiftSController.uasset" 782
"../../../Engine/Plugins/Runtime/Oculus/OculusVR/Content/Meshes/LeftTouchForQuestRiftSController.uexp" 783
"../../../Engine/Plugins/Runtime/Oculus/OculusVR/Content/Meshes/RiftHMD.uasset" 784
"../../../Engine/Plugins/Runtime/Oculus/OculusVR/Content/Meshes/RiftHMD.uexp" 785
"../../../Engine/Plugins/Runtime/Oculus/OculusVR/Content/Meshes/RightTouchController.uasset" 786
"../../../Engine/Plugins/Runtime/Oculus/OculusVR/Content/Meshes/RightTouchController.uexp" 787
"../../../Engine/Plugins/Runtime/Oculus/OculusVR/Content/Meshes/RightTouchForQuestRiftSController.uasset" 788
"../../../Engine/Plugins/Runtime/Oculus/OculusVR/Content/Meshes/RightTouchForQuestRiftSController.uexp" 789
"D:/GlobalGamejam2022/GGJ2022/GGJ2022Game/Content/Geometry/Meshes/Material_001.uasset" 790
"D:/GlobalGamejam2022/GGJ2022/GGJ2022Game/Content/Geometry/Meshes/Material_001.uexp" 791
"D:/GlobalGamejam2022/GGJ2022/GGJ2022Game/Content/Geometry/Meshes/Material.uasset" 792
"D:/GlobalGamejam2022/GGJ2022/GGJ2022Game/Content/Geometry/Meshes/Material.uexp" 793
"D:/GlobalGamejam2022/GGJ2022/GGJ2022Game/Content/Geometry/Meshes/TestCube.uasset" 794
"D:/GlobalGamejam2022/GGJ2022/GGJ2022Game/Content/Geometry/Meshes/TestCube.uexp" 795
"D:/GlobalGamejam2022/GGJ2022/GGJ2022Game/Content/Geometry/Meshes/1M_Cube.uasset" 796
"D:/GlobalGamejam2022/GGJ2022/GGJ2022Game/Content/Geometry/Meshes/1M_Cube.uexp" 797
"../../../Engine/Content/EngineSky/T_Sky_Stars.uasset" 798
"../../../Engine/Content/EngineSky/T_Sky_Stars.uexp" 799
"../../../Engine/Content/EngineSky/T_Sky_Stars.ubulk" 800
"../../../Engine/Content/EngineSky/T_Sky_Clouds_M.uasset" 801
"../../../Engine/Content/EngineSky/T_Sky_Clouds_M.uexp" 802
"../../../Engine/Content/EngineSky/T_Sky_Clouds_M.ubulk" 803
"../../../Engine/Content/EngineSky/T_Sky_Blue.uasset" 804
"../../../Engine/Content/EngineSky/T_Sky_Blue.uexp" 805
"../../../Engine/Content/EngineSky/T_Sky_Blue.ubulk" 806
"../../../Engine/Content/BasicShapes/Cube.uasset" 807
"../../../Engine/Content/BasicShapes/Cube.uexp" 808
"../../../Engine/Content/EngineSky/M_Sky_Panning_Clouds2.uasset" 809
"../../../Engine/Content/EngineSky/M_Sky_Panning_Clouds2.uexp" 810
"../../../Engine/Content/BasicShapes/BasicShapeMaterial.uasset" 811
"../../../Engine/Content/BasicShapes/BasicShapeMaterial.uexp" 812
"D:/GlobalGamejam2022/GGJ2022/GGJ2022Game/Content/FirstPersonCPP/Maps/FirstPersonExampleMap_BuiltData.uasset" 813
"D:/GlobalGamejam2022/GGJ2022/GGJ2022Game/Content/FirstPersonCPP/Maps/FirstPersonExampleMap_BuiltData.uexp" 814
"D:/GlobalGamejam2022/GGJ2022/GGJ2022Game/Content/FirstPersonCPP/Maps/FirstPersonExampleMap_BuiltData.ubulk" 815
"D:/GlobalGamejam2022/GGJ2022/GGJ2022Game/Content/Interactables/Interactable_Base.uasset" 816
"D:/GlobalGamejam2022/GGJ2022/GGJ2022Game/Content/Interactables/Interactable_Base.uexp" 817
"D:/GlobalGamejam2022/GGJ2022/GGJ2022Game/Content/Interactables/Obstacle_Base.uasset" 818
"D:/GlobalGamejam2022/GGJ2022/GGJ2022Game/Content/Interactables/Obstacle_Base.uexp" 819
"D:/GlobalGamejam2022/GGJ2022/GGJ2022Game/Content/UI/Textures/T_ButtonPress.uasset" 820
"D:/GlobalGamejam2022/GGJ2022/GGJ2022Game/Content/UI/Textures/T_ButtonPress.uexp" 821
"D:/GlobalGamejam2022/GGJ2022/GGJ2022Game/Content/UI/Textures/T_ButtonHover.uasset" 822
"D:/GlobalGamejam2022/GGJ2022/GGJ2022Game/Content/UI/Textures/T_ButtonHover.uexp" 823
"D:/GlobalGamejam2022/GGJ2022/GGJ2022Game/Content/UI/Textures/T_Button.uasset" 824
"D:/GlobalGamejam2022/GGJ2022/GGJ2022Game/Content/UI/Textures/T_Button.uexp" 825
"../../../Engine/Plugins/Marketplace/AutoSettings/Content/Spinner/T_ArrowRight.uasset" 826
"../../../Engine/Plugins/Marketplace/AutoSettings/Content/Spinner/T_ArrowRight.uexp" 827
"../../../Engine/Plugins/Marketplace/AutoSettings/Content/Spinner/M_ArrowRight.uasset" 828
"../../../Engine/Plugins/Marketplace/AutoSettings/Content/Spinner/M_ArrowRight.uexp" 829
"../../../Engine/Plugins/Marketplace/AutoSettings/Content/Spinner/M_ArrowLeft.uasset" 830
"../../../Engine/Plugins/Marketplace/AutoSettings/Content/Spinner/M_ArrowLeft.uexp" 831
"D:/GlobalGamejam2022/GGJ2022/GGJ2022Game/Content/UI/StyledAutoSettings/StyledSpinner.uasset" 832
"D:/GlobalGamejam2022/GGJ2022/GGJ2022Game/Content/UI/StyledAutoSettings/StyledSpinner.uexp" 833
"D:/GlobalGamejam2022/GGJ2022/GGJ2022Game/Content/UI/StyledAutoSettings/SettingControls/StyledSpinnerSetting.uasset" 834
"D:/GlobalGamejam2022/GGJ2022/GGJ2022Game/Content/UI/StyledAutoSettings/SettingControls/StyledSpinnerSetting.uexp" 835
"D:/GlobalGamejam2022/GGJ2022/GGJ2022Game/Content/UI/StyledAutoSettings/SettingControls/StyledComboBoxSetting.uasset" 836
"D:/GlobalGamejam2022/GGJ2022/GGJ2022Game/Content/UI/StyledAutoSettings/SettingControls/StyledComboBoxSetting.uexp" 837
"../../../Engine/Plugins/Marketplace/AutoSettings/Content/SettingControls/DefaultCheckBoxSetting.uasset" 838
"../../../Engine/Plugins/Marketplace/AutoSettings/Content/SettingControls/DefaultCheckBoxSetting.uexp" 839
"D:/GlobalGamejam2022/GGJ2022/GGJ2022Game/Content/UI/StyledAutoSettings/StyledRadioButton.uasset" 840
"D:/GlobalGamejam2022/GGJ2022/GGJ2022Game/Content/UI/StyledAutoSettings/StyledRadioButton.uexp" 841
"../../../Engine/Plugins/Marketplace/AutoSettings/Content/RadioSelect/DefaultRadioButton.uasset" 842
"../../../Engine/Plugins/Marketplace/AutoSettings/Content/RadioSelect/DefaultRadioButton.uexp" 843
"../../../Engine/Plugins/Marketplace/AutoSettings/Content/RadioSelect/HorizontalRadioSelect.uasset" 844
"../../../Engine/Plugins/Marketplace/AutoSettings/Content/RadioSelect/HorizontalRadioSelect.uexp" 845
"../../../Engine/Plugins/Marketplace/AutoSettings/Content/SettingControls/DefaultRadioSelectSetting.uasset" 846
"../../../Engine/Plugins/Marketplace/AutoSettings/Content/SettingControls/DefaultRadioSelectSetting.uexp" 847
"D:/GlobalGamejam2022/GGJ2022/GGJ2022Game/Content/UI/Pages/VideoSettingsPage.uasset" 848
"D:/GlobalGamejam2022/GGJ2022/GGJ2022Game/Content/UI/Pages/VideoSettingsPage.uexp" 849
"D:/GlobalGamejam2022/GGJ2022/GGJ2022Game/Content/UI/StyledAutoSettings/Input/StyledKeyLabel.uasset" 850
"D:/GlobalGamejam2022/GGJ2022/GGJ2022Game/Content/UI/StyledAutoSettings/Input/StyledKeyLabel.uexp" 851
"D:/GlobalGamejam2022/GGJ2022/GGJ2022Game/Content/UI/StyledAutoSettings/Input/StyledAxisLabel.uasset" 852
"D:/GlobalGamejam2022/GGJ2022/GGJ2022Game/Content/UI/StyledAutoSettings/Input/StyledAxisLabel.uexp" 853
"D:/GlobalGamejam2022/GGJ2022/GGJ2022Game/Content/UI/StyledAutoSettings/Input/StyledBindCapturePrompt.uasset" 854
"D:/GlobalGamejam2022/GGJ2022/GGJ2022Game/Content/UI/StyledAutoSettings/Input/StyledBindCapturePrompt.uexp" 855
"D:/GlobalGamejam2022/GGJ2022/GGJ2022Game/Content/UI/StyledAutoSettings/Input/StyledBindCaptureButton.uasset" 856
"D:/GlobalGamejam2022/GGJ2022/GGJ2022Game/Content/UI/StyledAutoSettings/Input/StyledBindCaptureButton.uexp" 857
"D:/GlobalGamejam2022/GGJ2022/GGJ2022Game/Content/UI/StyledAutoSettings/Input/StyledAxisMapping.uasset" 858
"D:/GlobalGamejam2022/GGJ2022/GGJ2022Game/Content/UI/StyledAutoSettings/Input/StyledAxisMapping.uexp" 859
"D:/GlobalGamejam2022/GGJ2022/GGJ2022Game/Content/UI/StyledAutoSettings/Input/StyledKeySeparator.uasset" 860
"D:/GlobalGamejam2022/GGJ2022/GGJ2022Game/Content/UI/StyledAutoSettings/Input/StyledKeySeparator.uexp" 861
"D:/GlobalGamejam2022/GGJ2022/GGJ2022Game/Content/UI/StyledAutoSettings/Input/StyledActionLabel.uasset" 862
"D:/GlobalGamejam2022/GGJ2022/GGJ2022Game/Content/UI/StyledAutoSettings/Input/StyledActionLabel.uexp" 863
"D:/GlobalGamejam2022/GGJ2022/GGJ2022Game/Content/UI/StyledAutoSettings/Input/StyledActionMapping.uasset" 864
"D:/GlobalGamejam2022/GGJ2022/GGJ2022Game/Content/UI/StyledAutoSettings/Input/StyledActionMapping.uexp" 865
"D:/GlobalGamejam2022/GGJ2022/GGJ2022Game/Content/UI/InputRow.uasset" 866
"D:/GlobalGamejam2022/GGJ2022/GGJ2022Game/Content/UI/InputRow.uexp" 867
"D:/GlobalGamejam2022/GGJ2022/GGJ2022Game/Content/UI/Pages/InputSettingsPage.uasset" 868
"D:/GlobalGamejam2022/GGJ2022/GGJ2022Game/Content/UI/Pages/InputSettingsPage.uexp" 869
"D:/GlobalGamejam2022/GGJ2022/GGJ2022Game/Content/UI/Pages/AudioSettingsPage.uasset" 870
"D:/GlobalGamejam2022/GGJ2022/GGJ2022Game/Content/UI/Pages/AudioSettingsPage.uexp" 871
"../../../Engine/Plugins/Marketplace/AutoSettings/Content/RadioSelect/VerticalRadioSelect.uasset" 872
"../../../Engine/Plugins/Marketplace/AutoSettings/Content/RadioSelect/VerticalRadioSelect.uexp" 873
"D:/GlobalGamejam2022/GGJ2022/GGJ2022Game/Content/UI/CloseIcon.uasset" 874
"D:/GlobalGamejam2022/GGJ2022/GGJ2022Game/Content/UI/CloseIcon.uexp" 875
"D:/GlobalGamejam2022/GGJ2022/GGJ2022Game/Content/UI/CategoryButton.uasset" 876
"D:/GlobalGamejam2022/GGJ2022/GGJ2022Game/Content/UI/CategoryButton.uexp" 877
"D:/GlobalGamejam2022/GGJ2022/GGJ2022Game/Content/UI/SettingsUI.uasset" 878
"D:/GlobalGamejam2022/GGJ2022/GGJ2022Game/Content/UI/SettingsUI.uexp" 879
"D:/GlobalGamejam2022/GGJ2022/GGJ2022Game/Content/FirstPersonCPP/Blueprints/GGJ_PC.uasset" 880
"D:/GlobalGamejam2022/GGJ2022/GGJ2022Game/Content/FirstPersonCPP/Blueprints/GGJ_PC.uexp" 881
"D:/GlobalGamejam2022/GGJ2022/GGJ2022Game/Content/FirstPersonCPP/Blueprints/GGJ_GM.uasset" 882
"D:/GlobalGamejam2022/GGJ2022/GGJ2022Game/Content/FirstPersonCPP/Blueprints/GGJ_GM.uexp" 883
"D:/GlobalGamejam2022/GGJ2022/GGJ2022Game/Content/FirstPersonCPP/Blueprints/TestChar.uasset" 884
"D:/GlobalGamejam2022/GGJ2022/GGJ2022Game/Content/FirstPersonCPP/Blueprints/TestChar.uexp" 885
"D:/GlobalGamejam2022/GGJ2022/GGJ2022Game/Content/Hazards/Hazard_Base.uasset" 886
"D:/GlobalGamejam2022/GGJ2022/GGJ2022Game/Content/Hazards/Hazard_Base.uexp" 887
"../../../Engine/Content/EngineSky/SM_SkySphere.uasset" 888
"../../../Engine/Content/EngineSky/SM_SkySphere.uexp" 889
"../../../Engine/Content/EngineSky/C_Sky_Zenith_Color.uasset" 890
"../../../Engine/Content/EngineSky/C_Sky_Zenith_Color.uexp" 891
"../../../Engine/Content/EngineSky/C_Sky_Horizon_Color.uasset" 892
"../../../Engine/Content/EngineSky/C_Sky_Horizon_Color.uexp" 893
"../../../Engine/Content/EngineSky/C_Sky_Cloud_Color.uasset" 894
"../../../Engine/Content/EngineSky/C_Sky_Cloud_Color.uexp" 895
"../../../Engine/Content/EngineSky/BP_Sky_Sphere.uasset" 896
"../../../Engine/Content/EngineSky/BP_Sky_Sphere.uexp" 897
"D:/GlobalGamejam2022/GGJ2022/GGJ2022Game/Content/Hazards/EnemyProjectile_Base.uasset" 898
"D:/GlobalGamejam2022/GGJ2022/GGJ2022Game/Content/Hazards/EnemyProjectile_Base.uexp" 899
"D:/GlobalGamejam2022/GGJ2022/GGJ2022Game/Content/Hazards/Enemy_Base.uasset" 900
"D:/GlobalGamejam2022/GGJ2022/GGJ2022Game/Content/Hazards/Enemy_Base.uexp" 901
"D:/GlobalGamejam2022/GGJ2022/GGJ2022Game/Content/FirstPerson/Meshes/CubeMaterialOverride.uasset" 902
"D:/GlobalGamejam2022/GGJ2022/GGJ2022Game/Content/FirstPerson/Meshes/CubeMaterialOverride.uexp" 903
"D:/GlobalGamejam2022/GGJ2022/GGJ2022Game/Content/FirstPersonCPP/Maps/FirstPersonExampleMap.uexp" 904
"D:/GlobalGamejam2022/GGJ2022/GGJ2022Game/Content/FirstPersonCPP/Maps/FirstPersonExampleMap.umap" 905
"../../../Engine/Content/Maps/Entry_BuiltData.uasset" 906
"../../../Engine/Content/Maps/Entry_BuiltData.uexp" 907
"../../../Engine/Content/Maps/Entry.uexp" 908
"../../../Engine/Content/Maps/Entry.umap" 909
